8
0 1 0 1 0 1 0 1 
0 1 0 1 0 1 0 1 
0 1 0 1 0 1 0 1 
0 1 0 1 0 1 0 1 
0 1 0 1 0 1 0 1 
0 1 0 1 0 1 0 1 
0 1 0 1 0 1 0 1 
0 1 0 1 0 1 0 1 
Eureka!  Counter-example found!
8
0 1 0 1 0 1 0 1 
0 1 0 1 0 1 0 1 
0 1 0 1 0 1 0 1 
0 1 0 1 0 1 0 1 
0 1 0 1 0 1 0 1 
0 1 0 1 0 1 0 1 
0 1 0 1 0 1 0 1 
0 1 0 1 0 1 0 1 
Eureka!  Counter-example found!
9
0 1 0 1 0 1 0 1 1 
0 1 0 1 0 1 0 1 1 
0 1 0 1 0 1 0 1 1 
0 1 0 1 0 1 0 1 1 
0 1 0 1 0 1 0 1 1 
0 1 0 1 0 1 0 1 1 
0 1 0 1 0 1 0 1 1 
0 1 0 1 0 1 0 1 1 
1 1 1 1 1 1 1 1 0 
Eureka!  Counter-example found!
10
0 1 0 1 0 1 0 1 1 1 
0 1 0 1 0 1 0 1 1 1 
0 1 0 1 0 1 0 1 1 0 
0 1 0 1 0 1 0 1 1 0 
0 1 0 1 0 1 0 1 1 0 
0 1 0 1 0 1 0 1 1 0 
0 1 0 1 0 1 0 1 1 1 
0 1 0 1 0 1 0 1 1 0 
1 1 1 1 1 1 1 1 0 1 
1 1 0 0 0 0 1 0 1 1 
Eureka!  Counter-example found!
11
0 1 0 1 0 1 0 1 1 1 1 
0 1 0 1 0 1 0 1 1 1 0 
0 1 0 1 0 1 0 1 1 0 0 
0 1 0 1 0 1 0 1 1 0 0 
0 1 0 1 0 1 0 1 1 0 0 
0 1 0 1 0 1 0 1 1 0 0 
0 1 0 1 0 1 0 1 1 1 1 
0 1 0 1 0 1 0 1 1 0 0 
1 1 1 1 1 1 1 1 0 1 0 
1 1 0 0 0 0 1 0 1 1 1 
1 0 0 0 0 0 1 0 0 1 0 
Eureka!  Counter-example found!
12
0 1 0 1 0 1 0 1 1 1 1 0 
0 1 0 1 0 1 0 1 1 1 0 1 
0 1 0 1 0 1 0 1 1 0 0 0 
0 1 0 1 0 1 0 1 1 0 0 0 
0 1 0 1 0 1 0 1 1 0 0 1 
0 1 0 1 0 1 0 1 1 0 0 1 
0 1 0 1 0 1 0 1 1 1 1 1 
0 1 0 1 0 1 0 1 1 0 0 1 
1 1 1 1 1 1 1 1 0 1 0 0 
1 1 0 0 0 0 1 0 1 1 1 0 
1 0 0 0 0 0 1 0 0 1 0 0 
0 1 0 0 1 1 1 1 0 0 0 1 
Eureka!  Counter-example found!
13
0 1 0 1 0 1 0 1 1 1 1 0 0 
0 1 0 1 0 1 0 1 1 1 0 1 1 
0 1 0 1 0 1 0 1 1 0 0 0 0 
0 1 0 1 0 1 0 1 1 0 0 0 0 
0 1 0 1 0 1 0 1 1 0 0 1 1 
0 1 0 1 0 1 0 1 1 0 0 1 1 
0 1 0 1 0 1 0 1 1 1 1 1 0 
0 1 0 1 0 1 0 1 1 0 0 1 1 
1 1 1 1 1 1 1 1 0 1 0 0 0 
1 1 0 0 0 0 1 0 1 1 1 0 1 
1 0 0 0 0 0 1 0 0 1 0 0 0 
0 1 0 0 1 1 1 1 0 0 0 1 1 
0 1 0 0 1 1 0 1 0 1 0 1 0 
Eureka!  Counter-example found!
14
0 1 0 1 0 1 0 1 1 1 1 0 0 1 
0 1 0 1 0 1 0 1 1 1 0 1 1 0 
0 1 0 1 0 1 0 1 1 0 0 0 0 0 
0 1 0 1 0 1 0 1 1 0 0 0 0 1 
0 1 0 1 0 1 0 1 1 0 0 1 1 0 
0 1 0 1 0 1 0 1 1 0 0 1 1 0 
0 1 0 1 0 1 0 1 1 1 1 1 0 0 
0 1 0 1 0 1 0 1 1 0 0 1 1 1 
1 1 1 1 1 1 1 1 0 1 0 0 0 0 
1 1 0 0 0 0 1 0 1 1 1 0 1 1 
1 0 0 0 0 0 1 0 0 1 0 0 0 1 
0 1 0 0 1 1 1 1 0 0 0 1 1 1 
0 1 0 0 1 1 0 1 0 1 0 1 0 1 
1 0 0 1 0 0 0 1 0 1 1 1 1 0 
Eureka!  Counter-example found!
15
0 1 0 1 0 1 0 1 1 1 1 0 0 1 0 
0 1 0 1 0 1 0 1 1 1 0 1 1 0 1 
0 1 0 1 0 1 0 1 1 0 0 0 0 0 0 
0 1 0 1 0 1 0 1 1 0 0 0 0 1 0 
0 1 0 1 0 1 0 1 1 0 0 1 1 0 0 
0 1 0 1 0 1 0 1 1 0 0 1 1 0 0 
0 1 0 1 0 1 0 1 1 1 1 1 0 0 0 
0 1 0 1 0 1 0 1 1 0 0 1 1 1 0 
1 1 1 1 1 1 1 1 0 1 0 0 0 0 0 
1 1 0 0 0 0 1 0 1 1 1 0 1 1 1 
1 0 0 0 0 0 1 0 0 1 0 0 0 1 1 
0 1 0 0 1 1 1 1 0 0 0 1 1 1 1 
0 1 0 0 1 1 0 1 0 1 0 1 0 1 1 
1 0 0 1 0 0 0 1 0 1 1 1 1 0 0 
0 1 0 0 0 0 0 0 0 1 1 1 1 0 0 
Eureka!  Counter-example found!
16
0 1 0 1 0 1 0 1 1 1 1 0 0 1 0 0 
0 1 0 1 0 1 0 1 1 1 0 1 1 0 1 0 
0 1 0 1 0 1 0 1 1 0 0 0 0 0 0 1 
0 1 0 1 0 1 0 1 1 0 0 0 0 1 0 0 
0 1 0 1 0 1 0 1 1 0 0 1 1 0 0 1 
0 1 0 1 0 1 0 1 1 0 0 1 1 0 0 1 
0 1 0 1 0 1 0 1 1 1 1 1 0 0 0 1 
0 1 0 1 0 1 0 1 1 0 0 1 1 1 0 1 
1 1 1 1 1 1 1 1 0 1 0 0 0 0 0 0 
1 1 0 0 0 0 1 0 1 1 1 0 1 1 1 1 
1 0 0 0 0 0 1 0 0 1 0 0 0 1 1 1 
0 1 0 0 1 1 1 1 0 0 0 1 1 1 1 1 
0 1 0 0 1 1 0 1 0 1 0 1 0 1 1 0 
1 0 0 1 0 0 0 1 0 1 1 1 1 0 0 1 
0 1 0 0 0 0 0 0 0 1 1 1 1 0 0 1 
0 0 1 0 1 1 1 1 0 1 1 1 0 1 1 0 
Eureka!  Counter-example found!
17
0 1 0 1 0 1 0 1 1 1 1 0 0 1 0 0 0 
0 1 0 1 0 1 0 1 1 1 0 1 1 0 1 0 0 
0 1 0 1 0 1 0 1 1 0 0 0 0 0 0 1 1 
0 1 0 1 0 1 0 1 1 0 0 0 0 1 0 0 0 
0 1 0 1 0 1 0 1 1 0 0 1 1 0 0 1 1 
0 1 0 1 0 1 0 1 1 0 0 1 1 0 0 1 1 
0 1 0 1 0 1 0 1 1 1 1 1 0 0 0 1 1 
0 1 0 1 0 1 0 1 1 0 0 1 1 1 0 1 0 
1 1 1 1 1 1 1 1 0 1 0 0 0 0 0 0 0 
1 1 0 0 0 0 1 0 1 1 1 0 1 1 1 1 0 
1 0 0 0 0 0 1 0 0 1 0 0 0 1 1 1 1 
0 1 0 0 1 1 1 1 0 0 0 1 1 1 1 1 0 
0 1 0 0 1 1 0 1 0 1 0 1 0 1 1 0 1 
1 0 0 1 0 0 0 1 0 1 1 1 1 0 0 1 0 
0 1 0 0 0 0 0 0 0 1 1 1 1 0 0 1 1 
0 0 1 0 1 1 1 1 0 1 1 1 0 1 1 0 0 
0 0 1 0 1 1 1 0 0 0 1 0 1 0 1 0 0 
Eureka!  Counter-example found!
18
0 1 0 1 0 1 0 1 1 1 1 0 0 1 0 0 0 0 
0 1 0 1 0 1 0 1 1 1 0 1 1 0 1 0 0 1 
0 1 0 1 0 1 0 1 1 0 0 0 0 0 0 1 1 0 
0 1 0 1 0 1 0 1 1 0 0 0 0 1 0 0 0 0 
0 1 0 1 0 1 0 1 1 0 0 1 1 0 0 1 1 0 
0 1 0 1 0 1 0 1 1 0 0 1 1 0 0 1 1 1 
0 1 0 1 0 1 0 1 1 1 1 1 0 0 0 1 1 0 
0 1 0 1 0 1 0 1 1 0 0 1 1 1 0 1 0 0 
1 1 1 1 1 1 1 1 0 1 0 0 0 0 0 0 0 1 
1 1 0 0 0 0 1 0 1 1 1 0 1 1 1 1 0 1 
1 0 0 0 0 0 1 0 0 1 0 0 0 1 1 1 1 1 
0 1 0 0 1 1 1 1 0 0 0 1 1 1 1 1 0 1 
0 1 0 0 1 1 0 1 0 1 0 1 0 1 1 0 1 1 
1 0 0 1 0 0 0 1 0 1 1 1 1 0 0 1 0 0 
0 1 0 0 0 0 0 0 0 1 1 1 1 0 0 1 1 0 
0 0 1 0 1 1 1 1 0 1 1 1 0 1 1 0 0 1 
0 0 1 0 1 1 1 0 0 0 1 0 1 0 1 0 0 0 
0 1 0 0 0 1 0 0 1 1 1 1 1 0 0 1 0 0 
Eureka!  Counter-example found!
19
0 1 0 1 0 1 0 1 1 1 1 0 0 1 0 0 0 0 1 
0 1 0 1 0 1 0 1 1 1 0 1 1 0 1 0 0 1 0 
0 1 0 1 0 1 0 1 1 0 0 0 0 0 0 1 1 0 1 
0 1 0 1 0 1 0 1 1 0 0 0 0 1 0 0 0 0 0 
0 1 0 1 0 1 0 1 1 0 0 1 1 0 0 1 1 0 0 
0 1 0 1 0 1 0 1 1 0 0 1 1 0 0 1 1 1 1 
0 1 0 1 0 1 0 1 1 1 1 1 0 0 0 1 1 0 0 
0 1 0 1 0 1 0 1 1 0 0 1 1 1 0 1 0 0 0 
1 1 1 1 1 1 1 1 0 1 0 0 0 0 0 0 0 1 0 
1 1 0 0 0 0 1 0 1 1 1 0 1 1 1 1 0 1 0 
1 0 0 0 0 0 1 0 0 1 0 0 0 1 1 1 1 1 0 
0 1 0 0 1 1 1 1 0 0 0 1 1 1 1 1 0 1 1 
0 1 0 0 1 1 0 1 0 1 0 1 0 1 1 0 1 1 0 
1 0 0 1 0 0 0 1 0 1 1 1 1 0 0 1 0 0 1 
0 1 0 0 0 0 0 0 0 1 1 1 1 0 0 1 1 0 1 
0 0 1 0 1 1 1 1 0 1 1 1 0 1 1 0 0 1 1 
0 0 1 0 1 1 1 0 0 0 1 0 1 0 1 0 0 0 1 
0 1 0 0 0 1 0 0 1 1 1 1 1 0 0 1 0 0 1 
1 0 1 0 0 1 0 0 0 0 0 1 0 1 1 1 1 1 1 
Eureka!  Counter-example found!
20
0 1 0 1 0 1 0 1 1 1 1 0 0 1 0 0 0 0 1 1 
0 1 0 1 0 1 0 1 1 1 0 1 1 0 1 0 0 1 0 1 
0 1 0 1 0 1 0 1 1 0 0 0 0 0 0 1 1 0 1 1 
0 1 0 1 0 1 0 1 1 0 0 0 0 1 0 0 0 0 0 1 
0 1 0 1 0 1 0 1 1 0 0 1 1 0 0 1 1 0 0 1 
0 1 0 1 0 1 0 1 1 0 0 1 1 0 0 1 1 1 1 1 
0 1 0 1 0 1 0 1 1 1 1 1 0 0 0 1 1 0 0 1 
0 1 0 1 0 1 0 1 1 0 0 1 1 1 0 1 0 0 0 0 
1 1 1 1 1 1 1 1 0 1 0 0 0 0 0 0 0 1 0 1 
1 1 0 0 0 0 1 0 1 1 1 0 1 1 1 1 0 1 0 0 
1 0 0 0 0 0 1 0 0 1 0 0 0 1 1 1 1 1 0 0 
0 1 0 0 1 1 1 1 0 0 0 1 1 1 1 1 0 1 1 1 
0 1 0 0 1 1 0 1 0 1 0 1 0 1 1 0 1 1 0 1 
1 0 0 1 0 0 0 1 0 1 1 1 1 0 0 1 0 0 1 0 
0 1 0 0 0 0 0 0 0 1 1 1 1 0 0 1 1 0 1 1 
0 0 1 0 1 1 1 1 0 1 1 1 0 1 1 0 0 1 1 1 
0 0 1 0 1 1 1 0 0 0 1 0 1 0 1 0 0 0 1 0 
0 1 0 0 0 1 0 0 1 1 1 1 1 0 0 1 0 0 1 0 
1 0 1 0 0 1 0 0 0 0 0 1 0 1 1 1 1 1 1 1 
1 1 1 1 1 1 1 0 1 0 0 1 1 0 1 1 0 0 1 0 
Eureka!  Counter-example found!
21
0 1 0 1 0 1 0 1 1 1 1 0 0 1 0 0 0 0 1 1 1 
0 1 0 1 0 1 0 1 1 1 0 1 1 0 1 0 0 1 0 1 0 
0 1 0 1 0 1 0 1 1 0 0 0 0 0 0 1 1 0 1 1 1 
0 1 0 1 0 1 0 1 1 0 0 0 0 1 0 0 0 0 0 1 0 
0 1 0 1 0 1 0 1 1 0 0 1 1 0 0 1 1 0 0 1 1 
0 1 0 1 0 1 0 1 1 0 0 1 1 0 0 1 1 1 1 1 1 
0 1 0 1 0 1 0 1 1 1 1 1 0 0 0 1 1 0 0 1 1 
0 1 0 1 0 1 0 1 1 0 0 1 1 1 0 1 0 0 0 0 1 
1 1 1 1 1 1 1 1 0 1 0 0 0 0 0 0 0 1 0 1 0 
1 1 0 0 0 0 1 0 1 1 1 0 1 1 1 1 0 1 0 0 0 
1 0 0 0 0 0 1 0 0 1 0 0 0 1 1 1 1 1 0 0 0 
0 1 0 0 1 1 1 1 0 0 0 1 1 1 1 1 0 1 1 1 0 
0 1 0 0 1 1 0 1 0 1 0 1 0 1 1 0 1 1 0 1 1 
1 0 0 1 0 0 0 1 0 1 1 1 1 0 0 1 0 0 1 0 0 
0 1 0 0 0 0 0 0 0 1 1 1 1 0 0 1 1 0 1 1 0 
0 0 1 0 1 1 1 1 0 1 1 1 0 1 1 0 0 1 1 1 0 
0 0 1 0 1 1 1 0 0 0 1 0 1 0 1 0 0 0 1 0 0 
0 1 0 0 0 1 0 0 1 1 1 1 1 0 0 1 0 0 1 0 1 
1 0 1 0 0 1 0 0 0 0 0 1 0 1 1 1 1 1 1 1 0 
1 1 1 1 1 1 1 0 1 0 0 1 1 0 1 1 0 0 1 0 1 
1 0 1 0 1 1 1 1 0 0 0 0 1 0 0 0 0 1 0 1 0 
Eureka!  Counter-example found!
22
0 1 0 1 0 1 0 1 1 1 1 0 0 1 0 0 0 0 1 1 1 0 
0 1 0 1 0 1 0 1 1 1 0 1 1 0 1 0 0 1 0 1 0 1 
0 1 0 1 0 1 0 1 1 0 0 0 0 0 0 1 1 0 1 1 1 1 
0 1 0 1 0 1 0 1 1 0 0 0 0 1 0 0 0 0 0 1 0 0 
0 1 0 1 0 1 0 1 1 0 0 1 1 0 0 1 1 0 0 1 1 0 
0 1 0 1 0 1 0 1 1 0 0 1 1 0 0 1 1 1 1 1 1 0 
0 1 0 1 0 1 0 1 1 1 1 1 0 0 0 1 1 0 0 1 1 1 
0 1 0 1 0 1 0 1 1 0 0 1 1 1 0 1 0 0 0 0 1 1 
1 1 1 1 1 1 1 1 0 1 0 0 0 0 0 0 0 1 0 1 0 1 
1 1 0 0 0 0 1 0 1 1 1 0 1 1 1 1 0 1 0 0 0 0 
1 0 0 0 0 0 1 0 0 1 0 0 0 1 1 1 1 1 0 0 0 0 
0 1 0 0 1 1 1 1 0 0 0 1 1 1 1 1 0 1 1 1 0 1 
0 1 0 0 1 1 0 1 0 1 0 1 0 1 1 0 1 1 0 1 1 0 
1 0 0 1 0 0 0 1 0 1 1 1 1 0 0 1 0 0 1 0 0 0 
0 1 0 0 0 0 0 0 0 1 1 1 1 0 0 1 1 0 1 1 0 0 
0 0 1 0 1 1 1 1 0 1 1 1 0 1 1 0 0 1 1 1 0 1 
0 0 1 0 1 1 1 0 0 0 1 0 1 0 1 0 0 0 1 0 0 1 
0 1 0 0 0 1 0 0 1 1 1 1 1 0 0 1 0 0 1 0 1 1 
1 0 1 0 0 1 0 0 0 0 0 1 0 1 1 1 1 1 1 1 0 1 
1 1 1 1 1 1 1 0 1 0 0 1 1 0 1 1 0 0 1 0 1 0 
1 0 1 0 1 1 1 1 0 0 0 0 1 0 0 0 0 1 0 1 0 0 
0 1 1 0 0 0 1 1 1 0 0 1 0 0 0 1 1 1 1 0 0 1 
Eureka!  Counter-example found!
23
0 1 0 1 0 1 0 1 1 1 1 0 0 1 0 0 0 0 1 1 1 0 0 
0 1 0 1 0 1 0 1 1 1 0 1 1 0 1 0 0 1 0 1 0 1 0 
0 1 0 1 0 1 0 1 1 0 0 0 0 0 0 1 1 0 1 1 1 1 0 
0 1 0 1 0 1 0 1 1 0 0 0 0 1 0 0 0 0 0 1 0 0 0 
0 1 0 1 0 1 0 1 1 0 0 1 1 0 0 1 1 0 0 1 1 0 1 
0 1 0 1 0 1 0 1 1 0 0 1 1 0 0 1 1 1 1 1 1 0 1 
0 1 0 1 0 1 0 1 1 1 1 1 0 0 0 1 1 0 0 1 1 1 1 
0 1 0 1 0 1 0 1 1 0 0 1 1 1 0 1 0 0 0 0 1 1 1 
1 1 1 1 1 1 1 1 0 1 0 0 0 0 0 0 0 1 0 1 0 1 1 
1 1 0 0 0 0 1 0 1 1 1 0 1 1 1 1 0 1 0 0 0 0 1 
1 0 0 0 0 0 1 0 0 1 0 0 0 1 1 1 1 1 0 0 0 0 1 
0 1 0 0 1 1 1 1 0 0 0 1 1 1 1 1 0 1 1 1 0 1 0 
0 1 0 0 1 1 0 1 0 1 0 1 0 1 1 0 1 1 0 1 1 0 0 
1 0 0 1 0 0 0 1 0 1 1 1 1 0 0 1 0 0 1 0 0 0 1 
0 1 0 0 0 0 0 0 0 1 1 1 1 0 0 1 1 0 1 1 0 0 0 
0 0 1 0 1 1 1 1 0 1 1 1 0 1 1 0 0 1 1 1 0 1 1 
0 0 1 0 1 1 1 0 0 0 1 0 1 0 1 0 0 0 1 0 0 1 0 
0 1 0 0 0 1 0 0 1 1 1 1 1 0 0 1 0 0 1 0 1 1 1 
1 0 1 0 0 1 0 0 0 0 0 1 0 1 1 1 1 1 1 1 0 1 1 
1 1 1 1 1 1 1 0 1 0 0 1 1 0 1 1 0 0 1 0 1 0 1 
1 0 1 0 1 1 1 1 0 0 0 0 1 0 0 0 0 1 0 1 0 0 1 
0 1 1 0 0 0 1 1 1 0 0 1 0 0 0 1 1 1 1 0 0 1 1 
0 0 0 0 1 1 1 1 1 1 1 0 0 1 0 1 0 1 1 1 1 1 0 
Eureka!  Counter-example found!
24
0 1 0 1 0 1 0 1 1 1 1 0 0 1 0 0 0 0 1 1 1 0 0 0 
0 1 0 1 0 1 0 1 1 1 0 1 1 0 1 0 0 1 0 1 0 1 0 0 
0 1 0 1 0 1 0 1 1 0 0 0 0 0 0 1 1 0 1 1 1 1 0 0 
0 1 0 1 0 1 0 1 1 0 0 0 0 1 0 0 0 0 0 1 0 0 0 1 
0 1 0 1 0 1 0 1 1 0 0 1 1 0 0 1 1 0 0 1 1 0 1 0 
0 1 0 1 0 1 0 1 1 0 0 1 1 0 0 1 1 1 1 1 1 0 1 0 
0 1 0 1 0 1 0 1 1 1 1 1 0 0 0 1 1 0 0 1 1 1 1 1 
0 1 0 1 0 1 0 1 1 0 0 1 1 1 0 1 0 0 0 0 1 1 1 1 
1 1 1 1 1 1 1 1 0 1 0 0 0 0 0 0 0 1 0 1 0 1 1 1 
1 1 0 0 0 0 1 0 1 1 1 0 1 1 1 1 0 1 0 0 0 0 1 1 
1 0 0 0 0 0 1 0 0 1 0 0 0 1 1 1 1 1 0 0 0 0 1 0 
0 1 0 0 1 1 1 1 0 0 0 1 1 1 1 1 0 1 1 1 0 1 0 1 
0 1 0 0 1 1 0 1 0 1 0 1 0 1 1 0 1 1 0 1 1 0 0 0 
1 0 0 1 0 0 0 1 0 1 1 1 1 0 0 1 0 0 1 0 0 0 1 0 
0 1 0 0 0 0 0 0 0 1 1 1 1 0 0 1 1 0 1 1 0 0 0 0 
0 0 1 0 1 1 1 1 0 1 1 1 0 1 1 0 0 1 1 1 0 1 1 0 
0 0 1 0 1 1 1 0 0 0 1 0 1 0 1 0 0 0 1 0 0 1 0 1 
0 1 0 0 0 1 0 0 1 1 1 1 1 0 0 1 0 0 1 0 1 1 1 1 
1 0 1 0 0 1 0 0 0 0 0 1 0 1 1 1 1 1 1 1 0 1 1 1 
1 1 1 1 1 1 1 0 1 0 0 1 1 0 1 1 0 0 1 0 1 0 1 0 
1 0 1 0 1 1 1 1 0 0 0 0 1 0 0 0 0 1 0 1 0 0 1 0 
0 1 1 0 0 0 1 1 1 0 0 1 0 0 0 1 1 1 1 0 0 1 1 0 
0 0 0 0 1 1 1 1 1 1 1 0 0 1 0 1 0 1 1 1 1 1 0 0 
0 0 0 1 0 0 1 1 1 1 0 1 0 0 0 0 1 1 1 0 0 0 0 0 
Eureka!  Counter-example found!
25
0 1 0 1 0 1 0 1 1 1 1 0 0 1 0 0 0 0 1 1 1 0 0 0 0 
0 1 0 1 0 1 0 1 1 1 0 1 1 0 1 0 0 1 0 1 0 1 0 0 1 
0 1 0 1 0 1 0 1 1 0 0 0 0 0 0 1 1 0 1 1 1 1 0 0 1 
0 1 0 1 0 1 0 1 1 0 0 0 0 1 0 0 0 0 0 1 0 0 0 1 1 
0 1 0 1 0 1 0 1 1 0 0 1 1 0 0 1 1 0 0 1 1 0 1 0 1 
0 1 0 1 0 1 0 1 1 0 0 1 1 0 0 1 1 1 1 1 1 0 1 0 1 
0 1 0 1 0 1 0 1 1 1 1 1 0 0 0 1 1 0 0 1 1 1 1 1 1 
0 1 0 1 0 1 0 1 1 0 0 1 1 1 0 1 0 0 0 0 1 1 1 1 0 
1 1 1 1 1 1 1 1 0 1 0 0 0 0 0 0 0 1 0 1 0 1 1 1 0 
1 1 0 0 0 0 1 0 1 1 1 0 1 1 1 1 0 1 0 0 0 0 1 1 1 
1 0 0 0 0 0 1 0 0 1 0 0 0 1 1 1 1 1 0 0 0 0 1 0 0 
0 1 0 0 1 1 1 1 0 0 0 1 1 1 1 1 0 1 1 1 0 1 0 1 0 
0 1 0 0 1 1 0 1 0 1 0 1 0 1 1 0 1 1 0 1 1 0 0 0 1 
1 0 0 1 0 0 0 1 0 1 1 1 1 0 0 1 0 0 1 0 0 0 1 0 0 
0 1 0 0 0 0 0 0 0 1 1 1 1 0 0 1 1 0 1 1 0 0 0 0 1 
0 0 1 0 1 1 1 1 0 1 1 1 0 1 1 0 0 1 1 1 0 1 1 0 1 
0 0 1 0 1 1 1 0 0 0 1 0 1 0 1 0 0 0 1 0 0 1 0 1 1 
0 1 0 0 0 1 0 0 1 1 1 1 1 0 0 1 0 0 1 0 1 1 1 1 1 
1 0 1 0 0 1 0 0 0 0 0 1 0 1 1 1 1 1 1 1 0 1 1 1 1 
1 1 1 1 1 1 1 0 1 0 0 1 1 0 1 1 0 0 1 0 1 0 1 0 0 
1 0 1 0 1 1 1 1 0 0 0 0 1 0 0 0 0 1 0 1 0 0 1 0 1 
0 1 1 0 0 0 1 1 1 0 0 1 0 0 0 1 1 1 1 0 0 1 1 0 1 
0 0 0 0 1 1 1 1 1 1 1 0 0 1 0 1 0 1 1 1 1 1 0 0 0 
0 0 0 1 0 0 1 1 1 1 0 1 0 0 0 0 1 1 1 0 0 0 0 0 0 
0 1 1 1 1 1 1 0 0 1 0 0 1 0 1 1 1 1 1 0 1 1 0 0 1 
Eureka!  Counter-example found!
26
0 1 0 1 0 1 0 1 1 1 1 0 0 1 0 0 0 0 1 1 1 0 0 0 0 1 
0 1 0 1 0 1 0 1 1 1 0 1 1 0 1 0 0 1 0 1 0 1 0 0 1 0 
0 1 0 1 0 1 0 1 1 0 0 0 0 0 0 1 1 0 1 1 1 1 0 0 1 0 
0 1 0 1 0 1 0 1 1 0 0 0 0 1 0 0 0 0 0 1 0 0 0 1 1 1 
0 1 0 1 0 1 0 1 1 0 0 1 1 0 0 1 1 0 0 1 1 0 1 0 1 1 
0 1 0 1 0 1 0 1 1 0 0 1 1 0 0 1 1 1 1 1 1 0 1 0 1 0 
0 1 0 1 0 1 0 1 1 1 1 1 0 0 0 1 1 0 0 1 1 1 1 1 1 0 
0 1 0 1 0 1 0 1 1 0 0 1 1 1 0 1 0 0 0 0 1 1 1 1 0 1 
1 1 1 1 1 1 1 1 0 1 0 0 0 0 0 0 0 1 0 1 0 1 1 1 0 0 
1 1 0 0 0 0 1 0 1 1 1 0 1 1 1 1 0 1 0 0 0 0 1 1 1 1 
1 0 0 0 0 0 1 0 0 1 0 0 0 1 1 1 1 1 0 0 0 0 1 0 0 1 
0 1 0 0 1 1 1 1 0 0 0 1 1 1 1 1 0 1 1 1 0 1 0 1 0 0 
0 1 0 0 1 1 0 1 0 1 0 1 0 1 1 0 1 1 0 1 1 0 0 0 1 1 
1 0 0 1 0 0 0 1 0 1 1 1 1 0 0 1 0 0 1 0 0 0 1 0 0 1 
0 1 0 0 0 0 0 0 0 1 1 1 1 0 0 1 1 0 1 1 0 0 0 0 1 1 
0 0 1 0 1 1 1 1 0 1 1 1 0 1 1 0 0 1 1 1 0 1 1 0 1 1 
0 0 1 0 1 1 1 0 0 0 1 0 1 0 1 0 0 0 1 0 0 1 0 1 1 0 
0 1 0 0 0 1 0 0 1 1 1 1 1 0 0 1 0 0 1 0 1 1 1 1 1 0 
1 0 1 0 0 1 0 0 0 0 0 1 0 1 1 1 1 1 1 1 0 1 1 1 1 0 
1 1 1 1 1 1 1 0 1 0 0 1 1 0 1 1 0 0 1 0 1 0 1 0 0 0 
1 0 1 0 1 1 1 1 0 0 0 0 1 0 0 0 0 1 0 1 0 0 1 0 1 0 
0 1 1 0 0 0 1 1 1 0 0 1 0 0 0 1 1 1 1 0 0 1 1 0 1 0 
0 0 0 0 1 1 1 1 1 1 1 0 0 1 0 1 0 1 1 1 1 1 0 0 0 0 
0 0 0 1 0 0 1 1 1 1 0 1 0 0 0 0 1 1 1 0 0 0 0 0 0 1 
0 1 1 1 1 1 1 0 0 1 0 0 1 0 1 1 1 1 1 0 1 1 0 0 1 1 
1 0 0 1 1 0 0 1 0 1 1 0 1 1 1 1 0 0 0 0 0 0 0 1 1 1 
Eureka!  Counter-example found!
27
0 1 0 1 0 1 0 1 1 1 1 0 0 1 0 0 0 0 1 1 1 0 0 0 0 1 1 
0 1 0 1 0 1 0 1 1 1 0 1 1 0 1 0 0 1 0 1 0 1 0 0 1 0 1 
0 1 0 1 0 1 0 1 1 0 0 0 0 0 0 1 1 0 1 1 1 1 0 0 1 0 1 
0 1 0 1 0 1 0 1 1 0 0 0 0 1 0 0 0 0 0 1 0 0 0 1 1 1 0 
0 1 0 1 0 1 0 1 1 0 0 1 1 0 0 1 1 0 0 1 1 0 1 0 1 1 0 
0 1 0 1 0 1 0 1 1 0 0 1 1 0 0 1 1 1 1 1 1 0 1 0 1 0 1 
0 1 0 1 0 1 0 1 1 1 1 1 0 0 0 1 1 0 0 1 1 1 1 1 1 0 0 
0 1 0 1 0 1 0 1 1 0 0 1 1 1 0 1 0 0 0 0 1 1 1 1 0 1 1 
1 1 1 1 1 1 1 1 0 1 0 0 0 0 0 0 0 1 0 1 0 1 1 1 0 0 0 
1 1 0 0 0 0 1 0 1 1 1 0 1 1 1 1 0 1 0 0 0 0 1 1 1 1 1 
1 0 0 0 0 0 1 0 0 1 0 0 0 1 1 1 1 1 0 0 0 0 1 0 0 1 1 
0 1 0 0 1 1 1 1 0 0 0 1 1 1 1 1 0 1 1 1 0 1 0 1 0 0 1 
0 1 0 0 1 1 0 1 0 1 0 1 0 1 1 0 1 1 0 1 1 0 0 0 1 1 0 
1 0 0 1 0 0 0 1 0 1 1 1 1 0 0 1 0 0 1 0 0 0 1 0 0 1 1 
0 1 0 0 0 0 0 0 0 1 1 1 1 0 0 1 1 0 1 1 0 0 0 0 1 1 1 
0 0 1 0 1 1 1 1 0 1 1 1 0 1 1 0 0 1 1 1 0 1 1 0 1 1 0 
0 0 1 0 1 1 1 0 0 0 1 0 1 0 1 0 0 0 1 0 0 1 0 1 1 0 0 
0 1 0 0 0 1 0 0 1 1 1 1 1 0 0 1 0 0 1 0 1 1 1 1 1 0 0 
1 0 1 0 0 1 0 0 0 0 0 1 0 1 1 1 1 1 1 1 0 1 1 1 1 0 1 
1 1 1 1 1 1 1 0 1 0 0 1 1 0 1 1 0 0 1 0 1 0 1 0 0 0 0 
1 0 1 0 1 1 1 1 0 0 0 0 1 0 0 0 0 1 0 1 0 0 1 0 1 0 1 
0 1 1 0 0 0 1 1 1 0 0 1 0 0 0 1 1 1 1 0 0 1 1 0 1 0 1 
0 0 0 0 1 1 1 1 1 1 1 0 0 1 0 1 0 1 1 1 1 1 0 0 0 0 1 
0 0 0 1 0 0 1 1 1 1 0 1 0 0 0 0 1 1 1 0 0 0 0 0 0 1 0 
0 1 1 1 1 1 1 0 0 1 0 0 1 0 1 1 1 1 1 0 1 1 0 0 1 1 0 
1 0 0 1 1 0 0 1 0 1 1 0 1 1 1 1 0 0 0 0 0 0 0 1 1 1 0 
1 1 1 0 0 1 0 1 0 1 1 1 0 1 1 0 0 0 1 0 1 1 1 0 0 0 1 
Eureka!  Counter-example found!
28
0 1 0 1 0 1 0 1 1 1 1 0 0 1 0 0 0 0 1 1 1 0 0 0 0 1 1 1 
0 1 0 1 0 1 0 1 1 1 0 1 1 0 1 0 0 1 0 1 0 1 0 0 1 0 1 0 
0 1 0 1 0 1 0 1 1 0 0 0 0 0 0 1 1 0 1 1 1 1 0 0 1 0 1 1 
0 1 0 1 0 1 0 1 1 0 0 0 0 1 0 0 0 0 0 1 0 0 0 1 1 1 0 1 
0 1 0 1 0 1 0 1 1 0 0 1 1 0 0 1 1 0 0 1 1 0 1 0 1 1 0 1 
0 1 0 1 0 1 0 1 1 0 0 1 1 0 0 1 1 1 1 1 1 0 1 0 1 0 1 1 
0 1 0 1 0 1 0 1 1 1 1 1 0 0 0 1 1 0 0 1 1 1 1 1 1 0 0 0 
0 1 0 1 0 1 0 1 1 0 0 1 1 1 0 1 0 0 0 0 1 1 1 1 0 1 1 1 
1 1 1 1 1 1 1 1 0 1 0 0 0 0 0 0 0 1 0 1 0 1 1 1 0 0 0 0 
1 1 0 0 0 0 1 0 1 1 1 0 1 1 1 1 0 1 0 0 0 0 1 1 1 1 1 0 
1 0 0 0 0 0 1 0 0 1 0 0 0 1 1 1 1 1 0 0 0 0 1 0 0 1 1 1 
0 1 0 0 1 1 1 1 0 0 0 1 1 1 1 1 0 1 1 1 0 1 0 1 0 0 1 1 
0 1 0 0 1 1 0 1 0 1 0 1 0 1 1 0 1 1 0 1 1 0 0 0 1 1 0 0 
1 0 0 1 0 0 0 1 0 1 1 1 1 0 0 1 0 0 1 0 0 0 1 0 0 1 1 1 
0 1 0 0 0 0 0 0 0 1 1 1 1 0 0 1 1 0 1 1 0 0 0 0 1 1 1 0 
0 0 1 0 1 1 1 1 0 1 1 1 0 1 1 0 0 1 1 1 0 1 1 0 1 1 0 0 
0 0 1 0 1 1 1 0 0 0 1 0 1 0 1 0 0 0 1 0 0 1 0 1 1 0 0 0 
0 1 0 0 0 1 0 0 1 1 1 1 1 0 0 1 0 0 1 0 1 1 1 1 1 0 0 0 
1 0 1 0 0 1 0 0 0 0 0 1 0 1 1 1 1 1 1 1 0 1 1 1 1 0 1 0 
1 1 1 1 1 1 1 0 1 0 0 1 1 0 1 1 0 0 1 0 1 0 1 0 0 0 0 1 
1 0 1 0 1 1 1 1 0 0 0 0 1 0 0 0 0 1 0 1 0 0 1 0 1 0 1 1 
0 1 1 0 0 0 1 1 1 0 0 1 0 0 0 1 1 1 1 0 0 1 1 0 1 0 1 1 
0 0 0 0 1 1 1 1 1 1 1 0 0 1 0 1 0 1 1 1 1 1 0 0 0 0 1 0 
0 0 0 1 0 0 1 1 1 1 0 1 0 0 0 0 1 1 1 0 0 0 0 0 0 1 0 1 
0 1 1 1 1 1 1 0 0 1 0 0 1 0 1 1 1 1 1 0 1 1 0 0 1 1 0 0 
1 0 0 1 1 0 0 1 0 1 1 0 1 1 1 1 0 0 0 0 0 0 0 1 1 1 0 0 
1 1 1 0 0 1 0 1 0 1 1 1 0 1 1 0 0 0 1 0 1 1 1 0 0 0 1 1 
1 0 1 1 1 1 0 1 0 0 1 1 0 1 0 0 0 0 0 1 1 1 0 1 0 0 1 0 
Eureka!  Counter-example found!
29
0 1 0 1 0 1 0 1 1 1 1 0 0 1 0 0 0 0 1 1 1 0 0 0 0 1 1 1 1 
0 1 0 1 0 1 0 1 1 1 0 1 1 0 1 0 0 1 0 1 0 1 0 0 1 0 1 0 0 
0 1 0 1 0 1 0 1 1 0 0 0 0 0 0 1 1 0 1 1 1 1 0 0 1 0 1 1 0 
0 1 0 1 0 1 0 1 1 0 0 0 0 1 0 0 0 0 0 1 0 0 0 1 1 1 0 1 1 
0 1 0 1 0 1 0 1 1 0 0 1 1 0 0 1 1 0 0 1 1 0 1 0 1 1 0 1 0 
0 1 0 1 0 1 0 1 1 0 0 1 1 0 0 1 1 1 1 1 1 0 1 0 1 0 1 1 1 
0 1 0 1 0 1 0 1 1 1 1 1 0 0 0 1 1 0 0 1 1 1 1 1 1 0 0 0 1 
0 1 0 1 0 1 0 1 1 0 0 1 1 1 0 1 0 0 0 0 1 1 1 1 0 1 1 1 1 
1 1 1 1 1 1 1 1 0 1 0 0 0 0 0 0 0 1 0 1 0 1 1 1 0 0 0 0 0 
1 1 0 0 0 0 1 0 1 1 1 0 1 1 1 1 0 1 0 0 0 0 1 1 1 1 1 0 0 
1 0 0 0 0 0 1 0 0 1 0 0 0 1 1 1 1 1 0 0 0 0 1 0 0 1 1 1 1 
0 1 0 0 1 1 1 1 0 0 0 1 1 1 1 1 0 1 1 1 0 1 0 1 0 0 1 1 0 
0 1 0 0 1 1 0 1 0 1 0 1 0 1 1 0 1 1 0 1 1 0 0 0 1 1 0 0 0 
1 0 0 1 0 0 0 1 0 1 1 1 1 0 0 1 0 0 1 0 0 0 1 0 0 1 1 1 0 
0 1 0 0 0 0 0 0 0 1 1 1 1 0 0 1 1 0 1 1 0 0 0 0 1 1 1 0 0 
0 0 1 0 1 1 1 1 0 1 1 1 0 1 1 0 0 1 1 1 0 1 1 0 1 1 0 0 0 
0 0 1 0 1 1 1 0 0 0 1 0 1 0 1 0 0 0 1 0 0 1 0 1 1 0 0 0 0 
0 1 0 0 0 1 0 0 1 1 1 1 1 0 0 1 0 0 1 0 1 1 1 1 1 0 0 0 0 
1 0 1 0 0 1 0 0 0 0 0 1 0 1 1 1 1 1 1 1 0 1 1 1 1 0 1 0 1 
1 1 1 1 1 1 1 0 1 0 0 1 1 0 1 1 0 0 1 0 1 0 1 0 0 0 0 1 0 
1 0 1 0 1 1 1 1 0 0 0 0 1 0 0 0 0 1 0 1 0 0 1 0 1 0 1 1 0 
0 1 1 0 0 0 1 1 1 0 0 1 0 0 0 1 1 1 1 0 0 1 1 0 1 0 1 1 0 
0 0 0 0 1 1 1 1 1 1 1 0 0 1 0 1 0 1 1 1 1 1 0 0 0 0 1 0 1 
0 0 0 1 0 0 1 1 1 1 0 1 0 0 0 0 1 1 1 0 0 0 0 0 0 1 0 1 1 
0 1 1 1 1 1 1 0 0 1 0 0 1 0 1 1 1 1 1 0 1 1 0 0 1 1 0 0 1 
1 0 0 1 1 0 0 1 0 1 1 0 1 1 1 1 0 0 0 0 0 0 0 1 1 1 0 0 0 
1 1 1 0 0 1 0 1 0 1 1 1 0 1 1 0 0 0 1 0 1 1 1 0 0 0 1 1 0 
1 0 1 1 1 1 0 1 0 0 1 1 0 1 0 0 0 0 0 1 1 1 0 1 0 0 1 0 0 
1 0 0 1 0 1 1 1 0 0 1 0 0 0 0 0 0 0 1 0 0 0 1 1 1 0 0 0 1 
Eureka!  Counter-example found!
30
0 1 0 1 0 1 0 1 1 1 1 0 0 1 0 0 0 0 1 1 1 0 0 0 0 1 1 1 1 1 
0 1 0 1 0 1 0 1 1 1 0 1 1 0 1 0 0 1 0 1 0 1 0 0 1 0 1 0 0 0 
0 1 0 1 0 1 0 1 1 0 0 0 0 0 0 1 1 0 1 1 1 1 0 0 1 0 1 1 0 1 
0 1 0 1 0 1 0 1 1 0 0 0 0 1 0 0 0 0 0 1 0 0 0 1 1 1 0 1 1 0 
0 1 0 1 0 1 0 1 1 0 0 1 1 0 0 1 1 0 0 1 1 0 1 0 1 1 0 1 0 1 
0 1 0 1 0 1 0 1 1 0 0 1 1 0 0 1 1 1 1 1 1 0 1 0 1 0 1 1 1 1 
0 1 0 1 0 1 0 1 1 1 1 1 0 0 0 1 1 0 0 1 1 1 1 1 1 0 0 0 1 0 
0 1 0 1 0 1 0 1 1 0 0 1 1 1 0 1 0 0 0 0 1 1 1 1 0 1 1 1 1 0 
1 1 1 1 1 1 1 1 0 1 0 0 0 0 0 0 0 1 0 1 0 1 1 1 0 0 0 0 0 1 
1 1 0 0 0 0 1 0 1 1 1 0 1 1 1 1 0 1 0 0 0 0 1 1 1 1 1 0 0 0 
1 0 0 0 0 0 1 0 0 1 0 0 0 1 1 1 1 1 0 0 0 0 1 0 0 1 1 1 1 1 
0 1 0 0 1 1 1 1 0 0 0 1 1 1 1 1 0 1 1 1 0 1 0 1 0 0 1 1 0 0 
0 1 0 0 1 1 0 1 0 1 0 1 0 1 1 0 1 1 0 1 1 0 0 0 1 1 0 0 0 1 
1 0 0 1 0 0 0 1 0 1 1 1 1 0 0 1 0 0 1 0 0 0 1 0 0 1 1 1 0 1 
0 1 0 0 0 0 0 0 0 1 1 1 1 0 0 1 1 0 1 1 0 0 0 0 1 1 1 0 0 0 
0 0 1 0 1 1 1 1 0 1 1 1 0 1 1 0 0 1 1 1 0 1 1 0 1 1 0 0 0 1 
0 0 1 0 1 1 1 0 0 0 1 0 1 0 1 0 0 0 1 0 0 1 0 1 1 0 0 0 0 0 
0 1 0 0 0 1 0 0 1 1 1 1 1 0 0 1 0 0 1 0 1 1 1 1 1 0 0 0 0 1 
1 0 1 0 0 1 0 0 0 0 0 1 0 1 1 1 1 1 1 1 0 1 1 1 1 0 1 0 1 1 
1 1 1 1 1 1 1 0 1 0 0 1 1 0 1 1 0 0 1 0 1 0 1 0 0 0 0 1 0 0 
1 0 1 0 1 1 1 1 0 0 0 0 1 0 0 0 0 1 0 1 0 0 1 0 1 0 1 1 0 0 
0 1 1 0 0 0 1 1 1 0 0 1 0 0 0 1 1 1 1 0 0 1 1 0 1 0 1 1 0 1 
0 0 0 0 1 1 1 1 1 1 1 0 0 1 0 1 0 1 1 1 1 1 0 0 0 0 1 0 1 0 
0 0 0 1 0 0 1 1 1 1 0 1 0 0 0 0 1 1 1 0 0 0 0 0 0 1 0 1 1 1 
0 1 1 1 1 1 1 0 0 1 0 0 1 0 1 1 1 1 1 0 1 1 0 0 1 1 0 0 1 1 
1 0 0 1 1 0 0 1 0 1 1 0 1 1 1 1 0 0 0 0 0 0 0 1 1 1 0 0 0 1 
1 1 1 0 0 1 0 1 0 1 1 1 0 1 1 0 0 0 1 0 1 1 1 0 0 0 1 1 0 1 
1 0 1 1 1 1 0 1 0 0 1 1 0 1 0 0 0 0 0 1 1 1 0 1 0 0 1 0 0 0 
1 0 0 1 0 1 1 1 0 0 1 0 0 0 0 0 0 0 1 0 0 0 1 1 1 0 0 0 1 0 
1 0 1 0 1 1 0 0 1 0 1 0 1 1 0 1 0 1 1 0 0 1 0 1 1 1 1 0 0 1 
Eureka!  Counter-example found!
31
0 1 0 1 0 1 0 1 1 1 1 0 0 1 0 0 0 0 1 1 1 0 0 0 0 1 1 1 1 1 1 
0 1 0 1 0 1 0 1 1 1 0 1 1 0 1 0 0 1 0 1 0 1 0 0 1 0 1 0 0 0 0 
0 1 0 1 0 1 0 1 1 0 0 0 0 0 0 1 1 0 1 1 1 1 0 0 1 0 1 1 0 1 0 
0 1 0 1 0 1 0 1 1 0 0 0 0 1 0 0 0 0 0 1 0 0 0 1 1 1 0 1 1 0 1 
0 1 0 1 0 1 0 1 1 0 0 1 1 0 0 1 1 0 0 1 1 0 1 0 1 1 0 1 0 1 1 
0 1 0 1 0 1 0 1 1 0 0 1 1 0 0 1 1 1 1 1 1 0 1 0 1 0 1 1 1 1 1 
0 1 0 1 0 1 0 1 1 1 1 1 0 0 0 1 1 0 0 1 1 1 1 1 1 0 0 0 1 0 1 
0 1 0 1 0 1 0 1 1 0 0 1 1 1 0 1 0 0 0 0 1 1 1 1 0 1 1 1 1 0 0 
1 1 1 1 1 1 1 1 0 1 0 0 0 0 0 0 0 1 0 1 0 1 1 1 0 0 0 0 0 1 0 
1 1 0 0 0 0 1 0 1 1 1 0 1 1 1 1 0 1 0 0 0 0 1 1 1 1 1 0 0 0 0 
1 0 0 0 0 0 1 0 0 1 0 0 0 1 1 1 1 1 0 0 0 0 1 0 0 1 1 1 1 1 0 
0 1 0 0 1 1 1 1 0 0 0 1 1 1 1 1 0 1 1 1 0 1 0 1 0 0 1 1 0 0 1 
0 1 0 0 1 1 0 1 0 1 0 1 0 1 1 0 1 1 0 1 1 0 0 0 1 1 0 0 0 1 1 
1 0 0 1 0 0 0 1 0 1 1 1 1 0 0 1 0 0 1 0 0 0 1 0 0 1 1 1 0 1 1 
0 1 0 0 0 0 0 0 0 1 1 1 1 0 0 1 1 0 1 1 0 0 0 0 1 1 1 0 0 0 0 
0 0 1 0 1 1 1 1 0 1 1 1 0 1 1 0 0 1 1 1 0 1 1 0 1 1 0 0 0 1 1 
0 0 1 0 1 1 1 0 0 0 1 0 1 0 1 0 0 0 1 0 0 1 0 1 1 0 0 0 0 0 0 
0 1 0 0 0 1 0 0 1 1 1 1 1 0 0 1 0 0 1 0 1 1 1 1 1 0 0 0 0 1 1 
1 0 1 0 0 1 0 0 0 0 0 1 0 1 1 1 1 1 1 1 0 1 1 1 1 0 1 0 1 1 1 
1 1 1 1 1 1 1 0 1 0 0 1 1 0 1 1 0 0 1 0 1 0 1 0 0 0 0 1 0 0 0 
1 0 1 0 1 1 1 1 0 0 0 0 1 0 0 0 0 1 0 1 0 0 1 0 1 0 1 1 0 0 0 
0 1 1 0 0 0 1 1 1 0 0 1 0 0 0 1 1 1 1 0 0 1 1 0 1 0 1 1 0 1 0 
0 0 0 0 1 1 1 1 1 1 1 0 0 1 0 1 0 1 1 1 1 1 0 0 0 0 1 0 1 0 0 
0 0 0 1 0 0 1 1 1 1 0 1 0 0 0 0 1 1 1 0 0 0 0 0 0 1 0 1 1 1 0 
0 1 1 1 1 1 1 0 0 1 0 0 1 0 1 1 1 1 1 0 1 1 0 0 1 1 0 0 1 1 0 
1 0 0 1 1 0 0 1 0 1 1 0 1 1 1 1 0 0 0 0 0 0 0 1 1 1 0 0 0 1 0 
1 1 1 0 0 1 0 1 0 1 1 1 0 1 1 0 0 0 1 0 1 1 1 0 0 0 1 1 0 1 0 
1 0 1 1 1 1 0 1 0 0 1 1 0 1 0 0 0 0 0 1 1 1 0 1 0 0 1 0 0 0 1 
1 0 0 1 0 1 1 1 0 0 1 0 0 0 0 0 0 0 1 0 0 0 1 1 1 0 0 0 1 0 0 
1 0 1 0 1 1 0 0 1 0 1 0 1 1 0 1 0 1 1 0 0 1 0 1 1 1 1 0 0 1 0 
1 0 0 1 1 1 1 0 0 0 0 1 1 1 0 1 0 1 1 0 0 0 0 0 0 0 0 1 0 0 0 
ce size: 32, best_count: 0, best edges: (5,11) (5,-1) (5,-1), new colors: 0 1
Eureka!  Counter-example found!
32
0 1 0 1 0 1 0 1 1 1 1 0 0 1 0 0 0 0 1 1 1 0 0 0 0 1 1 1 1 1 1 0 
0 1 0 1 0 1 0 1 1 1 0 1 1 0 1 0 0 1 0 1 0 1 0 0 1 0 1 0 0 0 0 1 
0 1 0 1 0 1 0 1 1 0 0 0 0 0 0 1 1 0 1 1 1 1 0 0 1 0 1 1 0 1 0 0 
0 1 0 1 0 1 0 1 1 0 0 0 0 1 0 0 0 0 0 1 0 0 0 1 1 1 0 1 1 0 1 1 
0 1 0 1 0 1 0 1 1 0 0 1 1 0 0 1 1 0 0 1 1 0 1 0 1 1 0 1 0 1 1 1 
0 1 0 1 0 1 0 1 1 0 0 0 1 0 0 1 1 1 1 1 1 0 1 0 1 0 1 1 1 1 1 1 
0 1 0 1 0 1 0 1 1 1 1 1 0 0 0 1 1 0 0 1 1 1 1 1 1 0 0 0 1 0 1 0 
0 1 0 1 0 1 0 1 1 0 0 1 1 1 0 1 0 0 0 0 1 1 1 1 0 1 1 1 1 0 0 1 
1 1 1 1 1 1 1 1 0 1 0 0 0 0 0 0 0 1 0 1 0 1 1 1 0 0 0 0 0 1 0 1 
1 1 0 0 0 0 1 0 1 1 1 0 1 1 1 1 0 1 0 0 0 0 1 1 1 1 1 0 0 0 0 1 
1 0 0 0 0 0 1 0 0 1 0 0 0 1 1 1 1 1 0 0 0 0 1 0 0 1 1 1 1 1 0 1 
0 1 0 0 1 1 1 1 0 0 0 1 1 1 1 1 0 1 1 1 0 1 0 1 0 0 1 1 0 0 1 1 
0 1 0 0 1 1 0 1 0 1 0 1 0 1 1 0 1 1 0 1 1 0 0 0 1 1 0 0 0 1 1 1 
1 0 0 1 0 0 0 1 0 1 1 1 1 0 0 1 0 0 1 0 0 0 1 0 0 1 1 1 0 1 1 1 
0 1 0 0 0 0 0 0 0 1 1 1 1 0 0 1 1 0 1 1 0 0 0 0 1 1 1 0 0 0 0 0 
0 0 1 0 1 1 1 1 0 1 1 1 0 1 1 0 0 1 1 1 0 1 1 0 1 1 0 0 0 1 1 1 
0 0 1 0 1 1 1 0 0 0 1 0 1 0 1 0 0 0 1 0 0 1 0 1 1 0 0 0 0 0 0 1 
0 1 0 0 0 1 0 0 1 1 1 1 1 0 0 1 0 0 1 0 1 1 1 1 1 0 0 0 0 1 1 1 
1 0 1 0 0 1 0 0 0 0 0 1 0 1 1 1 1 1 1 1 0 1 1 1 1 0 1 0 1 1 1 1 
1 1 1 1 1 1 1 0 1 0 0 1 1 0 1 1 0 0 1 0 1 0 1 0 0 0 0 1 0 0 0 1 
1 0 1 0 1 1 1 1 0 0 0 0 1 0 0 0 0 1 0 1 0 0 1 0 1 0 1 1 0 0 0 0 
0 1 1 0 0 0 1 1 1 0 0 1 0 0 0 1 1 1 1 0 0 1 1 0 1 0 1 1 0 1 0 1 
0 0 0 0 1 1 1 1 1 1 1 0 0 1 0 1 0 1 1 1 1 1 0 0 0 0 1 0 1 0 0 0 
0 0 0 1 0 0 1 1 1 1 0 1 0 0 0 0 1 1 1 0 0 0 0 0 0 1 0 1 1 1 0 0 
0 1 1 1 1 1 1 0 0 1 0 0 1 0 1 1 1 1 1 0 1 1 0 0 1 1 0 0 1 1 0 1 
1 0 0 1 1 0 0 1 0 1 1 0 1 1 1 1 0 0 0 0 0 0 0 1 1 1 0 0 0 1 0 1 
1 1 1 0 0 1 0 1 0 1 1 1 0 1 1 0 0 0 1 0 1 1 1 0 0 0 1 1 0 1 0 1 
1 0 1 1 1 1 0 1 0 0 1 1 0 1 0 0 0 0 0 1 1 1 0 1 0 0 1 0 0 0 1 0 
1 0 0 1 0 1 1 1 0 0 1 0 0 0 0 0 0 0 1 0 0 0 1 1 1 0 0 0 1 0 0 0 
1 0 1 0 1 1 0 0 1 0 1 0 1 1 0 1 0 1 1 0 0 1 0 1 1 1 1 0 0 1 0 0 
1 0 0 1 1 1 1 0 0 0 0 1 1 1 0 1 0 1 1 0 0 0 0 0 0 0 0 1 0 0 0 1 
0 1 0 1 1 1 0 1 1 1 1 1 1 1 0 1 1 1 1 1 0 1 0 0 1 1 1 0 0 0 1 0 
Eureka!  Counter-example found!
33
0 1 0 1 0 1 0 1 1 1 1 0 0 1 0 0 0 0 1 1 1 0 0 0 0 1 1 1 1 1 1 0 0 
0 1 0 1 0 1 0 1 1 1 0 1 1 0 1 0 0 1 0 1 0 1 0 0 1 0 1 0 0 0 0 1 0 
0 1 0 1 0 1 0 1 1 0 0 0 0 0 0 1 1 0 1 1 1 1 0 0 1 0 1 1 0 1 0 0 0 
0 1 0 1 0 1 0 1 1 0 0 0 0 1 0 0 0 0 0 1 0 0 0 1 1 1 0 1 1 0 1 1 1 
0 1 0 1 0 1 0 1 1 0 0 1 1 0 0 1 1 0 0 1 1 0 1 0 1 1 0 1 0 1 1 1 0 
0 1 0 1 0 1 0 1 1 0 0 0 1 0 0 1 1 1 1 1 1 0 1 0 1 0 1 1 1 1 1 1 0 
0 1 0 1 0 1 0 1 1 1 1 1 0 0 0 1 1 0 0 1 1 1 1 1 1 0 0 0 1 0 1 0 0 
0 1 0 1 0 1 0 1 1 0 0 1 1 1 0 1 0 0 0 0 1 1 1 1 0 1 1 1 1 0 0 1 0 
1 1 1 1 1 1 1 1 0 1 0 0 0 0 0 0 0 1 0 1 0 1 1 1 0 0 0 0 0 1 0 1 0 
1 1 0 0 0 0 1 0 1 1 1 0 1 1 1 1 0 1 0 0 0 0 1 1 1 1 1 0 0 0 0 1 1 
1 0 0 0 0 0 1 0 0 1 0 0 0 1 1 1 1 1 0 0 0 0 1 0 0 1 1 1 1 1 0 1 1 
0 1 0 0 1 1 1 1 0 0 0 1 1 1 1 1 0 1 1 1 0 1 0 1 0 0 1 1 0 0 1 1 0 
0 1 0 0 1 1 0 1 0 1 0 1 0 1 1 0 1 1 0 1 1 0 0 0 1 1 0 0 0 1 1 1 0 
1 0 0 1 0 0 0 1 0 1 1 1 1 0 0 1 0 0 1 0 0 0 1 0 0 1 1 1 0 1 1 1 1 
0 1 0 0 0 0 0 0 0 1 1 1 1 0 0 1 1 0 1 1 0 0 0 0 1 1 1 0 0 0 0 0 1 
0 0 1 0 1 1 1 1 0 1 1 1 0 1 1 0 0 1 1 1 0 1 1 0 1 1 0 0 0 1 1 1 1 
0 0 1 0 1 1 1 0 0 0 1 0 1 0 1 0 0 0 1 0 0 1 0 1 1 0 0 0 0 0 0 1 0 
0 1 0 0 0 1 0 0 1 1 1 1 1 0 0 1 0 0 1 0 1 1 1 1 1 0 0 0 0 1 1 1 1 
1 0 1 0 0 1 0 0 0 0 0 1 0 1 1 1 1 1 1 1 0 1 1 1 1 0 1 0 1 1 1 1 1 
1 1 1 1 1 1 1 0 1 0 0 1 1 0 1 1 0 0 1 0 1 0 1 0 0 0 0 1 0 0 0 1 0 
1 0 1 0 1 1 1 1 0 0 0 0 1 0 0 0 0 1 0 1 0 0 1 0 1 0 1 1 0 0 0 0 1 
0 1 1 0 0 0 1 1 1 0 0 1 0 0 0 1 1 1 1 0 0 1 1 0 1 0 1 1 0 1 0 1 1 
0 0 0 0 1 1 1 1 1 1 1 0 0 1 0 1 0 1 1 1 1 1 0 0 0 0 1 0 1 0 0 0 1 
0 0 0 1 0 0 1 1 1 1 0 1 0 0 0 0 1 1 1 0 0 0 0 0 0 1 0 1 1 1 0 0 1 
0 1 1 1 1 1 1 0 0 1 0 0 1 0 1 1 1 1 1 0 1 1 0 0 1 1 0 0 1 1 0 1 1 
1 0 0 1 1 0 0 1 0 1 1 0 1 1 1 1 0 0 0 0 0 0 0 1 1 1 0 0 0 1 0 1 1 
1 1 1 0 0 1 0 1 0 1 1 1 0 1 1 0 0 0 1 0 1 1 1 0 0 0 1 1 0 1 0 1 0 
1 0 1 1 1 1 0 1 0 0 1 1 0 1 0 0 0 0 0 1 1 1 0 1 0 0 1 0 0 0 1 0 0 
1 0 0 1 0 1 1 1 0 0 1 0 0 0 0 0 0 0 1 0 0 0 1 1 1 0 0 0 1 0 0 0 1 
1 0 1 0 1 1 0 0 1 0 1 0 1 1 0 1 0 1 1 0 0 1 0 1 1 1 1 0 0 1 0 0 0 
1 0 0 1 1 1 1 0 0 0 0 1 1 1 0 1 0 1 1 0 0 0 0 0 0 0 0 1 0 0 0 1 0 
0 1 0 1 1 1 0 1 1 1 1 1 1 1 0 1 1 1 1 1 0 1 0 0 1 1 1 0 0 0 1 0 0 
0 0 0 1 0 0 0 0 0 1 1 0 0 1 1 1 0 1 1 0 1 1 1 1 1 1 0 0 1 0 0 0 1 
Eureka!  Counter-example found!
34
0 1 0 1 0 1 0 1 1 1 1 0 0 1 0 0 0 0 1 1 1 0 0 0 0 1 1 1 1 1 1 0 0 0 
0 1 0 1 0 1 0 1 1 1 0 1 1 0 1 0 0 1 0 1 0 1 0 0 1 0 1 0 0 0 0 1 0 1 
0 1 0 1 0 1 0 1 1 0 0 0 0 0 0 1 1 0 1 1 1 1 0 0 1 0 1 1 0 1 0 0 0 1 
0 1 0 1 0 1 0 1 1 0 0 0 0 1 0 0 0 0 0 1 0 0 0 1 1 1 0 1 1 0 1 1 1 1 
0 1 0 1 0 1 0 1 1 0 0 1 1 0 0 1 1 0 0 1 1 0 1 0 1 1 0 1 0 1 1 1 0 1 
0 1 0 1 0 1 0 1 1 0 0 0 1 0 0 1 1 1 1 1 1 0 1 0 1 0 1 1 1 1 1 1 0 1 
0 1 0 1 0 1 0 1 1 1 1 1 0 0 0 1 1 0 0 1 1 1 1 1 1 0 0 0 1 0 1 0 0 0 
0 1 0 1 0 1 0 1 1 0 0 1 1 1 0 1 0 0 0 0 1 1 1 1 0 1 1 1 1 0 0 1 0 1 
1 1 1 1 1 1 1 1 0 1 0 0 0 0 0 0 0 1 0 1 0 1 1 1 0 0 0 0 0 1 0 1 0 0 
1 1 0 0 0 0 1 0 1 1 1 0 1 1 1 1 0 1 0 0 0 0 1 1 1 1 1 0 0 0 0 1 1 1 
1 0 0 0 0 0 1 0 0 1 0 0 0 1 1 1 1 1 0 0 0 0 1 0 0 1 1 1 1 1 0 1 1 1 
0 1 0 0 1 1 1 1 0 0 0 1 1 1 1 1 0 1 1 1 0 1 0 1 0 0 1 1 0 0 1 1 0 1 
0 1 0 0 1 1 0 1 0 1 0 1 0 1 1 0 1 1 0 1 1 0 0 0 1 1 0 0 0 1 1 1 0 0 
1 0 0 1 0 0 0 1 0 1 1 1 1 0 0 1 0 0 1 0 0 0 1 0 0 1 1 1 0 1 1 1 1 0 
0 1 0 0 0 0 0 0 0 1 1 1 1 0 0 1 1 0 1 1 0 0 0 0 1 1 1 0 0 0 0 0 1 0 
0 0 1 0 1 1 1 1 0 1 1 1 0 1 1 0 0 1 1 1 0 1 1 0 1 1 0 0 0 1 1 1 1 0 
0 0 1 0 1 1 1 0 0 0 1 0 1 0 1 0 0 0 1 0 0 1 0 1 1 0 0 0 0 0 0 1 0 1 
0 1 0 0 0 1 0 0 1 1 1 1 1 0 0 1 0 0 1 0 1 1 1 1 1 0 0 0 0 1 1 1 1 1 
1 0 1 0 0 1 0 0 0 0 0 1 0 1 1 1 1 1 1 1 0 1 1 1 1 0 1 0 1 1 1 1 1 0 
1 1 1 1 1 1 1 0 1 0 0 1 1 0 1 1 0 0 1 0 1 0 1 0 0 0 0 1 0 0 0 1 0 1 
1 0 1 0 1 1 1 1 0 0 0 0 1 0 0 0 0 1 0 1 0 0 1 0 1 0 1 1 0 0 0 0 1 1 
0 1 1 0 0 0 1 1 1 0 0 1 0 0 0 1 1 1 1 0 0 1 1 0 1 0 1 1 0 1 0 1 1 1 
0 0 0 0 1 1 1 1 1 1 1 0 0 1 0 1 0 1 1 1 1 1 0 0 0 0 1 0 1 0 0 0 1 0 
0 0 0 1 0 0 1 1 1 1 0 1 0 0 0 0 1 1 1 0 0 0 0 0 0 1 0 1 1 1 0 0 1 0 
0 1 1 1 1 1 1 0 0 1 0 0 1 0 1 1 1 1 1 0 1 1 0 0 1 1 0 0 1 1 0 1 1 0 
1 0 0 1 1 0 0 1 0 1 1 0 1 1 1 1 0 0 0 0 0 0 0 1 1 1 0 0 0 1 0 1 1 0 
1 1 1 0 0 1 0 1 0 1 1 1 0 1 1 0 0 0 1 0 1 1 1 0 0 0 1 1 0 1 0 1 0 0 
1 0 1 1 1 1 0 1 0 0 1 1 0 1 0 0 0 0 0 1 1 1 0 1 0 0 1 0 0 0 1 0 0 0 
1 0 0 1 0 1 1 1 0 0 1 0 0 0 0 0 0 0 1 0 0 0 1 1 1 0 0 0 1 0 0 0 1 0 
1 0 1 0 1 1 0 0 1 0 1 0 1 1 0 1 0 1 1 0 0 1 0 1 1 1 1 0 0 1 0 0 0 0 
1 0 0 1 1 1 1 0 0 0 0 1 1 1 0 1 0 1 1 0 0 0 0 0 0 0 0 1 0 0 0 1 0 1 
0 1 0 1 1 1 0 1 1 1 1 1 1 1 0 1 1 1 1 1 0 1 0 0 1 1 1 0 0 0 1 0 0 0 
0 0 0 1 0 0 0 0 0 1 1 0 0 1 1 1 0 1 1 0 1 1 1 1 1 1 0 0 1 0 0 0 1 1 
0 1 1 1 1 1 0 1 0 1 1 1 0 0 0 0 1 1 0 1 1 1 0 0 0 0 0 0 0 0 1 0 1 1 
Eureka!  Counter-example found!
35
0 1 0 1 0 1 0 1 1 1 1 0 0 1 0 0 0 0 1 1 1 0 0 0 0 1 1 1 1 1 1 0 0 0 1 
0 1 0 1 0 1 0 1 1 1 0 1 1 0 1 0 0 1 0 1 0 1 0 0 1 0 1 0 0 0 0 1 0 1 1 
0 1 0 1 0 1 0 1 1 0 0 0 0 0 0 1 1 0 1 1 1 1 0 0 1 0 1 1 0 1 0 0 0 1 1 
0 1 0 1 0 1 0 1 1 0 0 0 0 1 0 0 0 0 0 1 0 0 0 1 1 1 0 1 1 0 1 1 1 1 1 
0 1 0 1 0 1 0 1 1 0 0 1 1 0 0 1 1 0 0 1 1 0 1 0 1 1 0 1 0 1 1 1 0 1 0 
0 1 0 1 0 1 0 1 1 0 0 0 1 0 0 1 1 1 1 1 1 0 1 0 1 0 1 1 1 1 1 1 0 1 1 
0 1 0 1 0 1 0 1 1 1 1 1 0 0 0 1 1 0 0 1 1 1 1 1 1 0 0 0 1 0 1 0 0 0 1 
0 1 0 1 0 1 0 1 1 0 0 1 1 1 0 1 0 0 0 0 1 1 1 1 0 1 1 1 1 0 0 1 0 1 1 
1 1 1 1 1 1 1 1 0 1 0 0 0 0 0 0 0 1 0 1 0 1 1 1 0 0 0 0 0 1 0 1 0 0 0 
1 1 0 0 0 0 1 0 1 1 1 0 1 1 1 1 0 1 0 0 0 0 1 1 1 1 1 0 0 0 0 1 1 1 0 
1 0 0 0 0 0 1 0 0 1 0 0 0 1 1 1 1 1 0 0 0 0 1 0 0 1 1 1 1 1 0 1 1 1 1 
0 1 0 0 1 1 1 1 0 0 0 1 1 1 1 1 0 1 1 1 0 1 0 1 0 0 1 1 0 0 1 1 0 1 1 
0 1 0 0 1 1 0 1 0 1 0 1 0 1 1 0 1 1 0 1 1 0 0 0 1 1 0 0 0 1 1 1 0 0 0 
1 0 0 1 0 0 0 1 0 1 1 1 1 0 0 1 0 0 1 0 0 0 1 0 0 1 1 1 0 1 1 1 1 0 1 
0 1 0 0 0 0 0 0 0 1 1 1 1 0 0 1 1 0 1 1 0 0 0 0 1 1 1 0 0 0 0 0 1 0 1 
0 0 1 0 1 1 1 1 0 1 1 1 0 1 1 0 0 1 1 1 0 1 1 0 1 1 0 0 0 1 1 1 1 0 1 
0 0 1 0 1 1 1 0 0 0 1 0 1 0 1 0 0 0 1 0 0 1 0 1 1 0 0 0 0 0 0 1 0 1 1 
0 1 0 0 0 1 0 0 1 1 1 1 1 0 0 1 0 0 1 0 1 1 1 1 1 0 0 0 0 1 1 1 1 1 1 
1 0 1 0 0 1 0 0 0 0 0 1 0 1 1 1 1 1 1 1 0 1 1 1 1 0 1 0 1 1 1 1 1 0 0 
1 1 1 1 1 1 1 0 1 0 0 1 1 0 1 1 0 0 1 0 1 0 1 0 0 0 0 1 0 0 0 1 0 1 1 
1 0 1 0 1 1 1 1 0 0 0 0 1 0 0 0 0 1 0 1 0 0 1 0 1 0 1 1 0 0 0 0 1 1 1 
0 1 1 0 0 0 1 1 1 0 0 1 0 0 0 1 1 1 1 0 0 1 1 0 1 0 1 1 0 1 0 1 1 1 0 
0 0 0 0 1 1 1 1 1 1 1 0 0 1 0 1 0 1 1 1 1 1 0 0 0 0 1 0 1 0 0 0 1 0 1 
0 0 0 1 0 0 1 1 1 1 0 1 0 0 0 0 1 1 1 0 0 0 0 0 0 1 0 1 1 1 0 0 1 0 0 
0 1 1 1 1 1 1 0 0 1 0 0 1 0 1 1 1 1 1 0 1 1 0 0 1 1 0 0 1 1 0 1 1 0 0 
1 0 0 1 1 0 0 1 0 1 1 0 1 1 1 1 0 0 0 0 0 0 0 1 1 1 0 0 0 1 0 1 1 0 0 
1 1 1 0 0 1 0 1 0 1 1 1 0 1 1 0 0 0 1 0 1 1 1 0 0 0 1 1 0 1 0 1 0 0 1 
1 0 1 1 1 1 0 1 0 0 1 1 0 1 0 0 0 0 0 1 1 1 0 1 0 0 1 0 0 0 1 0 0 0 0 
1 0 0 1 0 1 1 1 0 0 1 0 0 0 0 0 0 0 1 0 0 0 1 1 1 0 0 0 1 0 0 0 1 0 1 
1 0 1 0 1 1 0 0 1 0 1 0 1 1 0 1 0 1 1 0 0 1 0 1 1 1 1 0 0 1 0 0 0 0 1 
1 0 0 1 1 1 1 0 0 0 0 1 1 1 0 1 0 1 1 0 0 0 0 0 0 0 0 1 0 0 0 1 0 1 0 
0 1 0 1 1 1 0 1 1 1 1 1 1 1 0 1 1 1 1 1 0 1 0 0 1 1 1 0 0 0 1 0 0 0 1 
0 0 0 1 0 0 0 0 0 1 1 0 0 1 1 1 0 1 1 0 1 1 1 1 1 1 0 0 1 0 0 0 1 1 1 
0 1 1 1 1 1 0 1 0 1 1 1 0 0 0 0 1 1 0 1 1 1 0 0 0 0 0 0 0 0 1 0 1 1 0 
1 1 1 1 0 1 1 1 0 0 1 1 0 1 1 1 1 1 0 1 1 0 1 0 0 0 1 0 1 1 0 1 1 0 0 
ce size: 36, best_count: 0, best edges: (2,15) (2,-1) (2,-1), new colors: 0 0
Eureka!  Counter-example found!
36
0 1 0 1 0 1 0 1 1 1 1 0 0 1 0 0 0 0 1 1 1 0 0 0 0 1 1 1 1 1 1 0 0 0 1 1 
0 1 0 1 0 1 0 1 1 1 0 1 1 0 1 0 0 1 0 1 0 1 0 0 1 0 1 0 0 0 0 1 0 1 1 0 
0 1 0 1 0 1 0 1 1 0 0 0 0 0 0 0 1 0 1 1 1 1 0 0 1 0 1 1 0 1 0 0 0 1 1 1 
0 1 0 1 0 1 0 1 1 0 0 0 0 1 0 0 0 0 0 1 0 0 0 1 1 1 0 1 1 0 1 1 1 1 1 1 
0 1 0 1 0 1 0 1 1 0 0 1 1 0 0 1 1 0 0 1 1 0 1 0 1 1 0 1 0 1 1 1 0 1 0 1 
0 1 0 1 0 1 0 1 1 0 0 0 1 0 0 1 1 1 1 1 1 0 1 0 1 0 1 1 1 1 1 1 0 1 1 0 
0 1 0 1 0 1 0 1 1 1 1 1 0 0 0 1 1 0 0 1 1 1 1 1 1 0 0 0 1 0 1 0 0 0 1 0 
0 1 0 1 0 1 0 1 1 0 0 1 1 1 0 1 0 0 0 0 1 1 1 1 0 1 1 1 1 0 0 1 0 1 1 0 
1 1 1 1 1 1 1 1 0 1 0 0 0 0 0 0 0 1 0 1 0 1 1 1 0 0 0 0 0 1 0 1 0 0 0 0 
1 1 0 0 0 0 1 0 1 1 1 0 1 1 1 1 0 1 0 0 0 0 1 1 1 1 1 0 0 0 0 1 1 1 0 0 
1 0 0 0 0 0 1 0 0 1 0 0 0 1 1 1 1 1 0 0 0 0 1 0 0 1 1 1 1 1 0 1 1 1 1 0 
0 1 0 0 1 1 1 1 0 0 0 1 1 1 1 1 0 1 1 1 0 1 0 1 0 0 1 1 0 0 1 1 0 1 1 1 
0 1 0 0 1 1 0 1 0 1 0 1 0 1 1 0 1 1 0 1 1 0 0 0 1 1 0 0 0 1 1 1 0 0 0 1 
1 0 0 1 0 0 0 1 0 1 1 1 1 0 0 1 0 0 1 0 0 0 1 0 0 1 1 1 0 1 1 1 1 0 1 0 
0 1 0 0 0 0 0 0 0 1 1 1 1 0 0 1 1 0 1 1 0 0 0 0 1 1 1 0 0 0 0 0 1 0 1 1 
0 0 1 0 1 1 1 1 0 1 1 1 0 1 1 0 0 1 1 1 0 1 1 0 1 1 0 0 0 1 1 1 1 0 1 1 
0 0 1 0 1 1 1 0 0 0 1 0 1 0 1 0 0 0 1 0 0 1 0 1 1 0 0 0 0 0 0 1 0 1 1 0 
0 1 0 0 0 1 0 0 1 1 1 1 1 0 0 1 0 0 1 0 1 1 1 1 1 0 0 0 0 1 1 1 1 1 1 0 
1 0 1 0 0 1 0 0 0 0 0 1 0 1 1 1 1 1 1 1 0 1 1 1 1 0 1 0 1 1 1 1 1 0 0 1 
1 1 1 1 1 1 1 0 1 0 0 1 1 0 1 1 0 0 1 0 1 0 1 0 0 0 0 1 0 0 0 1 0 1 1 0 
1 0 1 0 1 1 1 1 0 0 0 0 1 0 0 0 0 1 0 1 0 0 1 0 1 0 1 1 0 0 0 0 1 1 1 1 
0 1 1 0 0 0 1 1 1 0 0 1 0 0 0 1 1 1 1 0 0 1 1 0 1 0 1 1 0 1 0 1 1 1 0 1 
0 0 0 0 1 1 1 1 1 1 1 0 0 1 0 1 0 1 1 1 1 1 0 0 0 0 1 0 1 0 0 0 1 0 1 0 
0 0 0 1 0 0 1 1 1 1 0 1 0 0 0 0 1 1 1 0 0 0 0 0 0 1 0 1 1 1 0 0 1 0 0 1 
0 1 1 1 1 1 1 0 0 1 0 0 1 0 1 1 1 1 1 0 1 1 0 0 1 1 0 0 1 1 0 1 1 0 0 1 
1 0 0 1 1 0 0 1 0 1 1 0 1 1 1 1 0 0 0 0 0 0 0 1 1 1 0 0 0 1 0 1 1 0 0 1 
1 1 1 0 0 1 0 1 0 1 1 1 0 1 1 0 0 0 1 0 1 1 1 0 0 0 1 1 0 1 0 1 0 0 1 1 
1 0 1 1 1 1 0 1 0 0 1 1 0 1 0 0 0 0 0 1 1 1 0 1 0 0 1 0 0 0 1 0 0 0 0 0 
1 0 0 1 0 1 1 1 0 0 1 0 0 0 0 0 0 0 1 0 0 0 1 1 1 0 0 0 1 0 0 0 1 0 1 0 
1 0 1 0 1 1 0 0 1 0 1 0 1 1 0 1 0 1 1 0 0 1 0 1 1 1 1 0 0 1 0 0 0 0 1 1 
1 0 0 1 1 1 1 0 0 0 0 1 1 1 0 1 0 1 1 0 0 0 0 0 0 0 0 1 0 0 0 1 0 1 0 1 
0 1 0 1 1 1 0 1 1 1 1 1 1 1 0 1 1 1 1 1 0 1 0 0 1 1 1 0 0 0 1 0 0 0 1 1 
0 0 0 1 0 0 0 0 0 1 1 0 0 1 1 1 0 1 1 0 1 1 1 1 1 1 0 0 1 0 0 0 1 1 1 1 
0 1 1 1 1 1 0 1 0 1 1 1 0 0 0 0 1 1 0 1 1 1 0 0 0 0 0 0 0 0 1 0 1 1 0 0 
1 1 1 1 0 1 1 1 0 0 1 1 0 1 1 1 1 1 0 1 1 0 1 0 0 0 1 0 1 1 0 1 1 0 0 0 
1 0 1 1 1 0 0 0 0 0 0 1 1 0 1 1 0 0 1 0 1 1 0 1 1 1 1 0 0 1 1 1 1 0 0 1 
Eureka!  Counter-example found!
37
0 1 0 1 0 1 0 1 1 1 1 0 0 1 0 0 0 0 1 1 1 0 0 0 0 1 1 1 1 1 1 0 0 0 1 1 1 
0 1 0 1 0 1 0 1 1 1 0 1 1 0 1 0 0 1 0 1 0 1 0 0 1 0 1 0 0 0 0 1 0 1 1 0 1 
0 1 0 1 0 1 0 1 1 0 0 0 0 0 0 0 1 0 1 1 1 1 0 0 1 0 1 1 0 1 0 0 0 1 1 1 0 
0 1 0 1 0 1 0 1 1 0 0 0 0 1 0 0 0 0 0 1 0 0 0 1 1 1 0 1 1 0 1 1 1 1 1 1 1 
0 1 0 1 0 1 0 1 1 0 0 1 1 0 0 1 1 0 0 1 1 0 1 0 1 1 0 1 0 1 1 1 0 1 0 1 0 
0 1 0 1 0 1 0 1 1 0 0 0 1 0 0 1 1 1 1 1 1 0 1 0 1 0 1 1 1 1 1 1 0 1 1 0 0 
0 1 0 1 0 1 0 1 1 1 1 1 0 0 0 1 1 0 0 1 1 1 1 1 1 0 0 0 1 0 1 0 0 0 1 0 1 
0 1 0 1 0 1 0 1 1 0 0 1 1 1 0 1 0 0 0 0 1 1 1 1 0 1 1 1 1 0 0 1 0 1 1 0 0 
1 1 1 1 1 1 1 1 0 1 0 0 0 0 0 0 0 1 0 1 0 1 1 1 0 0 0 0 0 1 0 1 0 0 0 0 1 
1 1 0 0 0 0 1 0 1 1 1 0 1 1 1 1 0 1 0 0 0 0 1 1 1 1 1 0 0 0 0 1 1 1 0 0 0 
1 0 0 0 0 0 1 0 0 1 0 0 0 1 1 1 1 1 0 0 0 0 1 0 0 1 1 1 1 1 0 1 1 1 1 0 0 
0 1 0 0 1 1 1 1 0 0 0 1 1 1 1 1 0 1 1 1 0 1 0 1 0 0 1 1 0 0 1 1 0 1 1 1 0 
0 1 0 0 1 1 0 1 0 1 0 1 0 1 1 0 1 1 0 1 1 0 0 0 1 1 0 0 0 1 1 1 0 0 0 1 0 
1 0 0 1 0 0 0 1 0 1 1 1 1 0 0 1 0 0 1 0 0 0 1 0 0 1 1 1 0 1 1 1 1 0 1 0 0 
0 1 0 0 0 0 0 0 0 1 1 1 1 0 0 1 1 0 1 1 0 0 0 0 1 1 1 0 0 0 0 0 1 0 1 1 0 
0 0 1 0 1 1 1 1 0 1 1 1 0 1 1 0 0 1 1 1 0 1 1 0 1 1 0 0 0 1 1 1 1 0 1 1 1 
0 0 1 0 1 1 1 0 0 0 1 0 1 0 1 0 0 0 1 0 0 1 0 1 1 0 0 0 0 0 0 1 0 1 1 0 0 
0 1 0 0 0 1 0 0 1 1 1 1 1 0 0 1 0 0 1 0 1 1 1 1 1 0 0 0 0 1 1 1 1 1 1 0 1 
1 0 1 0 0 1 0 0 0 0 0 1 0 1 1 1 1 1 1 1 0 1 1 1 1 0 1 0 1 1 1 1 1 0 0 1 1 
1 1 1 1 1 1 1 0 1 0 0 1 1 0 1 1 0 0 1 0 1 0 1 0 0 0 0 1 0 0 0 1 0 1 1 0 0 
1 0 1 0 1 1 1 1 0 0 0 0 1 0 0 0 0 1 0 1 0 0 1 0 1 0 1 1 0 0 0 0 1 1 1 1 1 
0 1 1 0 0 0 1 1 1 0 0 1 0 0 0 1 1 1 1 0 0 1 1 0 1 0 1 1 0 1 0 1 1 1 0 1 0 
0 0 0 0 1 1 1 1 1 1 1 0 0 1 0 1 0 1 1 1 1 1 0 0 0 0 1 0 1 0 0 0 1 0 1 0 1 
0 0 0 1 0 0 1 1 1 1 0 1 0 0 0 0 1 1 1 0 0 0 0 0 0 1 0 1 1 1 0 0 1 0 0 1 1 
0 1 1 1 1 1 1 0 0 1 0 0 1 0 1 1 1 1 1 0 1 1 0 0 1 1 0 0 1 1 0 1 1 0 0 1 1 
1 0 0 1 1 0 0 1 0 1 1 0 1 1 1 1 0 0 0 0 0 0 0 1 1 1 0 0 0 1 0 1 1 0 0 1 1 
1 1 1 0 0 1 0 1 0 1 1 1 0 1 1 0 0 0 1 0 1 1 1 0 0 0 1 1 0 1 0 1 0 0 1 1 1 
1 0 1 1 1 1 0 1 0 0 1 1 0 1 0 0 0 0 0 1 1 1 0 1 0 0 1 0 0 0 1 0 0 0 0 0 1 
1 0 0 1 0 1 1 1 0 0 1 0 0 0 0 0 0 0 1 0 0 0 1 1 1 0 0 0 1 0 0 0 1 0 1 0 0 
1 0 1 0 1 1 0 0 1 0 1 0 1 1 0 1 0 1 1 0 0 1 0 1 1 1 1 0 0 1 0 0 0 0 1 1 0 
1 0 0 1 1 1 1 0 0 0 0 1 1 1 0 1 0 1 1 0 0 0 0 0 0 0 0 1 0 0 0 1 0 1 0 1 1 
0 1 0 1 1 1 0 1 1 1 1 1 1 1 0 1 1 1 1 1 0 1 0 0 1 1 1 0 0 0 1 0 0 0 1 1 0 
0 0 0 1 0 0 0 0 0 1 1 0 0 1 1 1 0 1 1 0 1 1 1 1 1 1 0 0 1 0 0 0 1 1 1 1 1 
0 1 1 1 1 1 0 1 0 1 1 1 0 0 0 0 1 1 0 1 1 1 0 0 0 0 0 0 0 0 1 0 1 1 0 0 1 
1 1 1 1 0 1 1 1 0 0 1 1 0 1 1 1 1 1 0 1 1 0 1 0 0 0 1 0 1 1 0 1 1 0 0 0 0 
1 0 1 1 1 0 0 0 0 0 0 1 1 0 1 1 0 0 1 0 1 1 0 1 1 1 1 0 0 1 1 1 1 0 0 1 1 
1 1 0 1 0 0 1 0 1 0 0 0 0 0 0 1 0 1 1 0 1 0 1 1 1 1 1 1 0 0 1 0 1 1 0 1 1 
Eureka!  Counter-example found!
38
0 1 0 1 0 1 0 1 1 1 1 0 0 1 0 0 0 0 1 1 1 0 0 0 0 1 1 1 1 1 1 0 0 0 1 1 1 0 
0 1 0 1 0 1 0 1 1 1 0 1 1 0 1 0 0 1 0 1 0 1 0 0 1 0 1 0 0 0 0 1 0 1 1 0 1 1 
0 1 0 1 0 1 0 1 1 0 0 0 0 0 0 0 1 0 1 1 1 1 0 0 1 0 1 1 0 1 0 0 0 1 1 1 0 0 
0 1 0 1 0 1 0 1 1 0 0 0 0 1 0 0 0 0 0 1 0 0 0 1 1 1 0 1 1 0 1 1 1 1 1 1 1 0 
0 1 0 1 0 1 0 1 1 0 0 1 1 0 0 1 1 0 0 1 1 0 1 0 1 1 0 1 0 1 1 1 0 1 0 1 0 0 
0 1 0 1 0 1 0 1 1 0 0 0 1 0 0 1 1 1 1 1 1 0 1 0 1 0 1 1 1 1 1 1 0 1 1 0 0 1 
0 1 0 1 0 1 0 1 1 1 1 1 0 0 0 1 1 0 0 1 1 1 1 1 1 0 0 0 1 0 1 0 0 0 1 0 1 0 
0 1 0 1 0 1 0 1 1 0 0 1 1 1 0 1 0 0 0 0 1 1 1 1 0 1 1 1 1 0 0 1 0 1 1 0 0 0 
1 1 1 1 1 1 1 1 0 1 0 0 0 0 0 0 0 1 0 1 0 1 1 1 0 0 0 0 0 1 0 1 0 0 0 0 1 0 
1 1 0 0 0 0 1 0 1 1 1 0 1 1 1 1 0 1 0 0 0 0 1 1 1 1 1 0 0 0 0 1 1 1 0 0 0 0 
1 0 0 0 0 0 1 0 0 1 0 0 0 1 1 1 1 1 0 0 0 0 1 0 0 1 1 1 1 1 0 1 1 1 1 0 0 0 
0 1 0 0 1 1 1 1 0 0 0 1 1 1 1 1 0 1 1 1 0 1 0 1 0 0 1 1 0 0 1 1 0 1 1 1 0 1 
0 1 0 0 1 1 0 1 0 1 0 1 0 1 1 0 1 1 0 1 1 0 0 0 1 1 0 0 0 1 1 1 0 0 0 1 0 1 
1 0 0 1 0 0 0 1 0 1 1 1 1 0 0 1 0 0 1 0 0 0 1 0 0 1 1 1 0 1 1 1 1 0 1 0 0 0 
0 1 0 0 0 0 0 0 0 1 1 1 1 0 0 1 1 0 1 1 0 0 0 0 1 1 1 0 0 0 0 0 1 0 1 1 0 1 
0 0 1 0 1 1 1 1 0 1 1 1 0 1 1 0 0 1 1 1 0 1 1 0 1 1 0 0 0 1 1 1 1 0 1 1 1 0 
0 0 1 0 1 1 1 0 0 0 1 0 1 0 1 0 0 0 1 0 0 1 0 1 1 0 0 0 0 0 0 1 0 1 1 0 0 1 
0 1 0 0 0 1 0 0 1 1 1 1 1 0 0 1 0 0 1 0 1 1 1 1 1 0 0 0 0 1 1 1 1 1 1 0 1 1 
1 0 1 0 0 1 0 0 0 0 0 1 0 1 1 1 1 1 1 1 0 1 1 1 1 0 1 0 1 1 1 1 1 0 0 1 1 0 
1 1 1 1 1 1 1 0 1 0 0 1 1 0 1 1 0 0 1 0 1 0 1 0 0 0 0 1 0 0 0 1 0 1 1 0 0 1 
1 0 1 0 1 1 1 1 0 0 0 0 1 0 0 0 0 1 0 1 0 0 1 0 1 0 1 1 0 0 0 0 1 1 1 1 1 0 
0 1 1 0 0 0 1 1 1 0 0 1 0 0 0 1 1 1 1 0 0 1 1 0 1 0 1 1 0 1 0 1 1 1 0 1 0 1 
0 0 0 0 1 1 1 1 1 1 1 0 0 1 0 1 0 1 1 1 1 1 0 0 0 0 1 0 1 0 0 0 1 0 1 0 1 0 
0 0 0 1 0 0 1 1 1 1 0 1 0 0 0 0 1 1 1 0 0 0 0 0 0 1 0 1 1 1 0 0 1 0 0 1 1 0 
0 1 1 1 1 1 1 0 0 1 0 0 1 0 1 1 1 1 1 0 1 1 0 0 1 1 0 0 1 1 0 1 1 0 0 1 1 0 
1 0 0 1 1 0 0 1 0 1 1 0 1 1 1 1 0 0 0 0 0 0 0 1 1 1 0 0 0 1 0 1 1 0 0 1 1 0 
1 1 1 0 0 1 0 1 0 1 1 1 0 1 1 0 0 0 1 0 1 1 1 0 0 0 1 1 0 1 0 1 0 0 1 1 1 0 
1 0 1 1 1 1 0 1 0 0 1 1 0 1 0 0 0 0 0 1 1 1 0 1 0 0 1 0 0 0 1 0 0 0 0 0 1 0 
1 0 0 1 0 1 1 1 0 0 1 0 0 0 0 0 0 0 1 0 0 0 1 1 1 0 0 0 1 0 0 0 1 0 1 0 0 0 
1 0 1 0 1 1 0 0 1 0 1 0 1 1 0 1 0 1 1 0 0 1 0 1 1 1 1 0 0 1 0 0 0 0 1 1 0 1 
1 0 0 1 1 1 1 0 0 0 0 1 1 1 0 1 0 1 1 0 0 0 0 0 0 0 0 1 0 0 0 1 0 1 0 1 1 0 
0 1 0 1 1 1 0 1 1 1 1 1 1 1 0 1 1 1 1 1 0 1 0 0 1 1 1 0 0 0 1 0 0 0 1 1 0 0 
0 0 0 1 0 0 0 0 0 1 1 0 0 1 1 1 0 1 1 0 1 1 1 1 1 1 0 0 1 0 0 0 1 1 1 1 1 0 
0 1 1 1 1 1 0 1 0 1 1 1 0 0 0 0 1 1 0 1 1 1 0 0 0 0 0 0 0 0 1 0 1 1 0 0 1 1 
1 1 1 1 0 1 1 1 0 0 1 1 0 1 1 1 1 1 0 1 1 0 1 0 0 0 1 0 1 1 0 1 1 0 0 0 0 1 
1 0 1 1 1 0 0 0 0 0 0 1 1 0 1 1 0 0 1 0 1 1 0 1 1 1 1 0 0 1 1 1 1 0 0 1 1 0 
1 1 0 1 0 0 1 0 1 0 0 0 0 0 0 1 0 1 1 0 1 0 1 1 1 1 1 1 0 0 1 0 1 1 0 1 1 0 
0 1 0 0 0 1 0 0 0 0 0 1 1 0 1 0 1 1 0 1 0 1 0 0 0 0 0 0 0 1 0 0 0 1 1 0 0 1 
Eureka!  Counter-example found!
39
0 1 0 1 0 1 0 1 1 1 1 0 0 1 0 0 0 0 1 1 1 0 0 0 0 1 1 1 1 1 1 0 0 0 1 1 1 0 0 
0 1 0 1 0 1 0 1 1 1 0 1 1 0 1 0 0 1 0 1 0 1 0 0 1 0 1 0 0 0 0 1 0 1 1 0 1 1 0 
0 1 0 1 0 1 0 1 1 0 0 0 0 0 0 0 1 0 1 1 1 1 0 0 1 0 1 1 0 1 0 0 0 1 1 1 0 0 0 
0 1 0 1 0 1 0 1 1 0 0 0 0 1 0 0 0 0 0 1 0 0 0 1 1 1 0 1 1 0 1 1 1 1 1 1 1 0 0 
0 1 0 1 0 1 0 1 1 0 0 1 1 0 0 1 1 0 0 1 1 0 1 0 1 1 0 1 0 1 1 1 0 1 0 1 0 0 1 
0 1 0 1 0 1 0 1 1 0 0 0 1 0 0 1 1 1 1 1 1 0 1 0 1 0 1 1 1 1 1 1 0 1 1 0 0 1 0 
0 1 0 1 0 1 0 1 1 1 1 1 0 0 0 1 1 0 0 1 1 1 1 1 1 0 0 0 1 0 1 0 0 0 1 0 1 0 1 
0 1 0 1 0 1 0 1 1 0 0 1 1 1 0 1 0 0 0 0 1 1 1 1 0 1 1 1 1 0 0 1 0 1 1 0 0 0 1 
1 1 1 1 1 1 1 1 0 1 0 0 0 0 0 0 0 1 0 1 0 1 1 1 0 0 0 0 0 1 0 1 0 0 0 0 1 0 0 
1 1 0 0 0 0 1 0 1 1 1 0 1 1 1 1 0 1 0 0 0 0 1 1 1 1 1 0 0 0 0 1 1 1 0 0 0 0 1 
1 0 0 0 0 0 1 0 0 1 0 0 0 1 1 1 1 1 0 0 0 0 1 0 0 1 1 1 1 1 0 1 1 1 1 0 0 0 1 
0 1 0 0 1 1 1 1 0 0 0 1 1 1 1 1 0 1 1 1 0 1 0 1 0 0 1 1 0 0 1 1 0 1 1 1 0 1 0 
0 1 0 0 1 1 0 1 0 1 0 1 0 1 1 0 1 1 0 1 1 0 0 0 1 1 0 0 0 1 1 1 0 0 0 1 0 1 0 
1 0 0 1 0 0 0 1 0 1 1 1 1 0 0 1 0 0 1 0 0 0 1 0 0 1 1 1 0 1 1 1 1 0 1 0 0 0 0 
0 1 0 0 0 0 0 0 0 1 1 1 1 0 0 1 1 0 1 1 0 0 0 0 1 1 1 0 0 0 0 0 1 0 1 1 0 1 0 
0 0 1 0 1 1 1 1 0 1 1 1 0 1 1 0 0 1 1 1 0 1 1 0 1 1 0 0 0 1 1 1 1 0 1 1 1 0 0 
0 0 1 0 1 1 1 0 0 0 1 0 1 0 1 0 0 0 1 0 0 1 0 1 1 0 0 0 0 0 0 1 0 1 1 0 0 1 1 
0 1 0 0 0 1 0 0 1 1 1 1 1 0 0 1 0 0 1 0 1 1 1 1 1 0 0 0 0 1 1 1 1 1 1 0 1 1 0 
1 0 1 0 0 1 0 0 0 0 0 1 0 1 1 1 1 1 1 1 0 1 1 1 1 0 1 0 1 1 1 1 1 0 0 1 1 0 0 
1 1 1 1 1 1 1 0 1 0 0 1 1 0 1 1 0 0 1 0 1 0 1 0 0 0 0 1 0 0 0 1 0 1 1 0 0 1 0 
1 0 1 0 1 1 1 1 0 0 0 0 1 0 0 0 0 1 0 1 0 0 1 0 1 0 1 1 0 0 0 0 1 1 1 1 1 0 1 
0 1 1 0 0 0 1 1 1 0 0 1 0 0 0 1 1 1 1 0 0 1 1 0 1 0 1 1 0 1 0 1 1 1 0 1 0 1 0 
0 0 0 0 1 1 1 1 1 1 1 0 0 1 0 1 0 1 1 1 1 1 0 0 0 0 1 0 1 0 0 0 1 0 1 0 1 0 1 
0 0 0 1 0 0 1 1 1 1 0 1 0 0 0 0 1 1 1 0 0 0 0 0 0 1 0 1 1 1 0 0 1 0 0 1 1 0 1 
0 1 1 1 1 1 1 0 0 1 0 0 1 0 1 1 1 1 1 0 1 1 0 0 1 1 0 0 1 1 0 1 1 0 0 1 1 0 1 
1 0 0 1 1 0 0 1 0 1 1 0 1 1 1 1 0 0 0 0 0 0 0 1 1 1 0 0 0 1 0 1 1 0 0 1 1 0 1 
1 1 1 0 0 1 0 1 0 1 1 1 0 1 1 0 0 0 1 0 1 1 1 0 0 0 1 1 0 1 0 1 0 0 1 1 1 0 1 
1 0 1 1 1 1 0 1 0 0 1 1 0 1 0 0 0 0 0 1 1 1 0 1 0 0 1 0 0 0 1 0 0 0 0 0 1 0 1 
1 0 0 1 0 1 1 1 0 0 1 0 0 0 0 0 0 0 1 0 0 0 1 1 1 0 0 0 1 0 0 0 1 0 1 0 0 0 1 
1 0 1 0 1 1 0 0 1 0 1 0 1 1 0 1 0 1 1 0 0 1 0 1 1 1 1 0 0 1 0 0 0 0 1 1 0 1 0 
1 0 0 1 1 1 1 0 0 0 0 1 1 1 0 1 0 1 1 0 0 0 0 0 0 0 0 1 0 0 0 1 0 1 0 1 1 0 1 
0 1 0 1 1 1 0 1 1 1 1 1 1 1 0 1 1 1 1 1 0 1 0 0 1 1 1 0 0 0 1 0 0 0 1 1 0 0 0 
0 0 0 1 0 0 0 0 0 1 1 0 0 1 1 1 0 1 1 0 1 1 1 1 1 1 0 0 1 0 0 0 1 1 1 1 1 0 1 
0 1 1 1 1 1 0 1 0 1 1 1 0 0 0 0 1 1 0 1 1 1 0 0 0 0 0 0 0 0 1 0 1 1 0 0 1 1 1 
1 1 1 1 0 1 1 1 0 0 1 1 0 1 1 1 1 1 0 1 1 0 1 0 0 0 1 0 1 1 0 1 1 0 0 0 0 1 0 
1 0 1 1 1 0 0 0 0 0 0 1 1 0 1 1 0 0 1 0 1 1 0 1 1 1 1 0 0 1 1 1 1 0 0 1 1 0 1 
1 1 0 1 0 0 1 0 1 0 0 0 0 0 0 1 0 1 1 0 1 0 1 1 1 1 1 1 0 0 1 0 1 1 0 1 1 0 1 
0 1 0 0 0 1 0 0 0 0 0 1 1 0 1 0 1 1 0 1 0 1 0 0 0 0 0 0 0 1 0 0 0 1 1 0 0 1 0 
0 0 0 0 1 0 1 1 0 1 1 0 0 0 0 0 1 0 0 0 1 0 1 1 1 1 1 1 1 0 1 0 1 1 0 1 1 0 0 
ce size: 40, best_count: 0, best edges: (10,13) (10,-1) (10,-1), new colors: 0 1
Eureka!  Counter-example found!
40
0 1 0 1 0 1 0 1 1 1 1 0 0 1 0 0 0 0 1 1 1 0 0 0 0 1 1 1 1 1 1 0 0 0 1 1 1 0 0 1 
0 1 0 1 0 1 0 1 1 1 0 1 1 0 1 0 0 1 0 1 0 1 0 0 1 0 1 0 0 0 0 1 0 1 1 0 1 1 0 0 
0 1 0 1 0 1 0 1 1 0 0 0 0 0 0 0 1 0 1 1 1 1 0 0 1 0 1 1 0 1 0 0 0 1 1 1 0 0 0 1 
0 1 0 1 0 1 0 1 1 0 0 0 0 1 0 0 0 0 0 1 0 0 0 1 1 1 0 1 1 0 1 1 1 1 1 1 1 0 0 1 
0 1 0 1 0 1 0 1 1 0 0 1 1 0 0 1 1 0 0 1 1 0 1 0 1 1 0 1 0 1 1 1 0 1 0 1 0 0 1 1 
0 1 0 1 0 1 0 1 1 0 0 0 1 0 0 1 1 1 1 1 1 0 1 0 1 0 1 1 1 1 1 1 0 1 1 0 0 1 0 1 
0 1 0 1 0 1 0 1 1 1 1 1 0 0 0 1 1 0 0 1 1 1 1 1 1 0 0 0 1 0 1 0 0 0 1 0 1 0 1 0 
0 1 0 1 0 1 0 1 1 0 0 1 1 1 0 1 0 0 0 0 1 1 1 1 0 1 1 1 1 0 0 1 0 1 1 0 0 0 1 0 
1 1 1 1 1 1 1 1 0 1 0 0 0 0 0 0 0 1 0 1 0 1 1 1 0 0 0 0 0 1 0 1 0 0 0 0 1 0 0 0 
1 1 0 0 0 0 1 0 1 1 1 0 1 1 1 1 0 1 0 0 0 0 1 1 1 1 1 0 0 0 0 1 1 1 0 0 0 0 1 1 
1 0 0 0 0 0 1 0 0 1 0 0 0 0 1 1 1 1 0 0 0 0 1 0 0 1 1 1 1 1 0 1 1 1 1 0 0 0 1 1 
0 1 0 0 1 1 1 1 0 0 0 1 1 1 1 1 0 1 1 1 0 1 0 1 0 0 1 1 0 0 1 1 0 1 1 1 0 1 0 0 
0 1 0 0 1 1 0 1 0 1 0 1 0 1 1 0 1 1 0 1 1 0 0 0 1 1 0 0 0 1 1 1 0 0 0 1 0 1 0 0 
1 0 0 1 0 0 0 1 0 1 1 1 1 0 0 1 0 0 1 0 0 0 1 0 0 1 1 1 0 1 1 1 1 0 1 0 0 0 0 1 
0 1 0 0 0 0 0 0 0 1 1 1 1 0 0 1 1 0 1 1 0 0 0 0 1 1 1 0 0 0 0 0 1 0 1 1 0 1 0 0 
0 0 1 0 1 1 1 1 0 1 1 1 0 1 1 0 0 1 1 1 0 1 1 0 1 1 0 0 0 1 1 1 1 0 1 1 1 0 0 1 
0 0 1 0 1 1 1 0 0 0 1 0 1 0 1 0 0 0 1 0 0 1 0 1 1 0 0 0 0 0 0 1 0 1 1 0 0 1 1 1 
0 1 0 0 0 1 0 0 1 1 1 1 1 0 0 1 0 0 1 0 1 1 1 1 1 0 0 0 0 1 1 1 1 1 1 0 1 1 0 0 
1 0 1 0 0 1 0 0 0 0 0 1 0 1 1 1 1 1 1 1 0 1 1 1 1 0 1 0 1 1 1 1 1 0 0 1 1 0 0 1 
1 1 1 1 1 1 1 0 1 0 0 1 1 0 1 1 0 0 1 0 1 0 1 0 0 0 0 1 0 0 0 1 0 1 1 0 0 1 0 1 
1 0 1 0 1 1 1 1 0 0 0 0 1 0 0 0 0 1 0 1 0 0 1 0 1 0 1 1 0 0 0 0 1 1 1 1 1 0 1 1 
0 1 1 0 0 0 1 1 1 0 0 1 0 0 0 1 1 1 1 0 0 1 1 0 1 0 1 1 0 1 0 1 1 1 0 1 0 1 0 0 
0 0 0 0 1 1 1 1 1 1 1 0 0 1 0 1 0 1 1 1 1 1 0 0 0 0 1 0 1 0 0 0 1 0 1 0 1 0 1 1 
0 0 0 1 0 0 1 1 1 1 0 1 0 0 0 0 1 1 1 0 0 0 0 0 0 1 0 1 1 1 0 0 1 0 0 1 1 0 1 0 
0 1 1 1 1 1 1 0 0 1 0 0 1 0 1 1 1 1 1 0 1 1 0 0 1 1 0 0 1 1 0 1 1 0 0 1 1 0 1 1 
1 0 0 1 1 0 0 1 0 1 1 0 1 1 1 1 0 0 0 0 0 0 0 1 1 1 0 0 0 1 0 1 1 0 0 1 1 0 1 1 
1 1 1 0 0 1 0 1 0 1 1 1 0 1 1 0 0 0 1 0 1 1 1 0 0 0 1 1 0 1 0 1 0 0 1 1 1 0 1 0 
1 0 1 1 1 1 0 1 0 0 1 1 0 1 0 0 0 0 0 1 1 1 0 1 0 0 1 0 0 0 1 0 0 0 0 0 1 0 1 0 
1 0 0 1 0 1 1 1 0 0 1 0 0 0 0 0 0 0 1 0 0 0 1 1 1 0 0 0 1 0 0 0 1 0 1 0 0 0 1 1 
1 0 1 0 1 1 0 0 1 0 1 0 1 1 0 1 0 1 1 0 0 1 0 1 1 1 1 0 0 1 0 0 0 0 1 1 0 1 0 1 
1 0 0 1 1 1 1 0 0 0 0 1 1 1 0 1 0 1 1 0 0 0 0 0 0 0 0 1 0 0 0 1 0 1 0 1 1 0 1 1 
0 1 0 1 1 1 0 1 1 1 1 1 1 1 0 1 1 1 1 1 0 1 0 0 1 1 1 0 0 0 1 0 0 0 1 1 0 0 0 0 
0 0 0 1 0 0 0 0 0 1 1 0 0 1 1 1 0 1 1 0 1 1 1 1 1 1 0 0 1 0 0 0 1 1 1 1 1 0 1 1 
0 1 1 1 1 1 0 1 0 1 1 1 0 0 0 0 1 1 0 1 1 1 0 0 0 0 0 0 0 0 1 0 1 1 0 0 1 1 1 0 
1 1 1 1 0 1 1 1 0 0 1 1 0 1 1 1 1 1 0 1 1 0 1 0 0 0 1 0 1 1 0 1 1 0 0 0 0 1 0 1 
1 0 1 1 1 0 0 0 0 0 0 1 1 0 1 1 0 0 1 0 1 1 0 1 1 1 1 0 0 1 1 1 1 0 0 1 1 0 1 0 
1 1 0 1 0 0 1 0 1 0 0 0 0 0 0 1 0 1 1 0 1 0 1 1 1 1 1 1 0 0 1 0 1 1 0 1 1 0 1 0 
0 1 0 0 0 1 0 0 0 0 0 1 1 0 1 0 1 1 0 1 0 1 0 0 0 0 0 0 0 1 0 0 0 1 1 0 0 1 0 1 
0 0 0 0 1 0 1 1 0 1 1 0 0 0 0 0 1 0 0 0 1 0 1 1 1 1 1 1 1 0 1 0 1 1 0 1 1 0 0 1 
1 0 1 1 1 1 0 0 0 1 1 0 0 1 0 1 1 0 1 1 1 0 1 0 1 1 0 0 1 1 1 0 1 0 1 0 0 1 1 1 
ce size: 41, best_count: 0, best edges: (1,2) (1,25) (1,26), new colors: 1 1
Eureka!  Counter-example found!
41
0 1 0 1 0 1 0 1 1 1 1 0 0 1 0 0 0 0 1 1 1 0 0 0 0 1 1 1 1 1 1 0 0 0 1 1 1 0 0 1 0 
0 1 1 1 0 1 0 1 1 1 0 1 1 0 1 0 0 1 0 1 0 1 0 0 1 1 0 0 0 0 0 1 0 1 1 0 1 1 0 0 1 
0 1 0 1 0 1 0 1 1 0 0 0 0 0 0 0 1 0 1 1 1 1 0 0 1 0 1 1 0 1 0 0 0 1 1 1 0 0 0 1 1 
0 1 0 1 0 1 0 1 1 0 0 0 0 1 0 0 0 0 0 1 0 0 0 1 1 1 0 1 1 0 1 1 1 1 1 1 1 0 0 1 1 
0 1 0 1 0 1 0 1 1 0 0 1 1 0 0 1 1 0 0 1 1 0 1 0 1 1 0 1 0 1 1 1 0 1 0 1 0 0 1 1 1 
0 1 0 1 0 1 0 1 1 0 0 0 1 0 0 1 1 1 1 1 1 0 1 0 1 0 1 1 1 1 1 1 0 1 1 0 0 1 0 1 0 
0 1 0 1 0 1 0 1 1 1 1 1 0 0 0 1 1 0 0 1 1 1 1 1 1 0 0 0 1 0 1 0 0 0 1 0 1 0 1 0 0 
0 1 0 1 0 1 0 1 1 0 0 1 1 1 0 1 0 0 0 0 1 1 1 1 0 1 1 1 1 0 0 1 0 1 1 0 0 0 1 0 1 
1 1 1 1 1 1 1 1 0 1 0 0 0 0 0 0 0 1 0 1 0 1 1 1 0 0 0 0 0 1 0 1 0 0 0 0 1 0 0 0 1 
1 1 0 0 0 0 1 0 1 1 1 0 1 1 1 1 0 1 0 0 0 0 1 1 1 1 1 0 0 0 0 1 1 1 0 0 0 0 1 1 0 
1 0 0 0 0 0 1 0 0 1 0 0 0 0 1 1 1 1 0 0 0 0 1 0 0 1 1 1 1 1 0 1 1 1 1 0 0 0 1 1 0 
0 1 0 0 1 1 1 1 0 0 0 1 1 1 1 1 0 1 1 1 0 1 0 1 0 0 1 1 0 0 1 1 0 1 1 1 0 1 0 0 1 
0 1 0 0 1 1 0 1 0 1 0 1 0 1 1 0 1 1 0 1 1 0 0 0 1 1 0 0 0 1 1 1 0 0 0 1 0 1 0 0 1 
1 0 0 1 0 0 0 1 0 1 1 1 1 0 0 1 0 0 1 0 0 0 1 0 0 1 1 1 0 1 1 1 1 0 1 0 0 0 0 1 0 
0 1 0 0 0 0 0 0 0 1 1 1 1 0 0 1 1 0 1 1 0 0 0 0 1 1 1 0 0 0 0 0 1 0 1 1 0 1 0 0 1 
0 0 1 0 1 1 1 1 0 1 1 1 0 1 1 0 0 1 1 1 0 1 1 0 1 1 0 0 0 1 1 1 1 0 1 1 1 0 0 1 1 
0 0 1 0 1 1 1 0 0 0 1 0 1 0 1 0 0 0 1 0 0 1 0 1 1 0 0 0 0 0 0 1 0 1 1 0 0 1 1 1 0 
0 1 0 0 0 1 0 0 1 1 1 1 1 0 0 1 0 0 1 0 1 1 1 1 1 0 0 0 0 1 1 1 1 1 1 0 1 1 0 0 0 
1 0 1 0 0 1 0 0 0 0 0 1 0 1 1 1 1 1 1 1 0 1 1 1 1 0 1 0 1 1 1 1 1 0 0 1 1 0 0 1 0 
1 1 1 1 1 1 1 0 1 0 0 1 1 0 1 1 0 0 1 0 1 0 1 0 0 0 0 1 0 0 0 1 0 1 1 0 0 1 0 1 0 
1 0 1 0 1 1 1 1 0 0 0 0 1 0 0 0 0 1 0 1 0 0 1 0 1 0 1 1 0 0 0 0 1 1 1 1 1 0 1 1 1 
0 1 1 0 0 0 1 1 1 0 0 1 0 0 0 1 1 1 1 0 0 1 1 0 1 0 1 1 0 1 0 1 1 1 0 1 0 1 0 0 0 
0 0 0 0 1 1 1 1 1 1 1 0 0 1 0 1 0 1 1 1 1 1 0 0 0 0 1 0 1 0 0 0 1 0 1 0 1 0 1 1 0 
0 0 0 1 0 0 1 1 1 1 0 1 0 0 0 0 1 1 1 0 0 0 0 0 0 1 0 1 1 1 0 0 1 0 0 1 1 0 1 0 1 
0 1 1 1 1 1 1 0 0 1 0 0 1 0 1 1 1 1 1 0 1 1 0 0 1 1 0 0 1 1 0 1 1 0 0 1 1 0 1 1 0 
1 0 0 1 1 0 0 1 0 1 1 0 1 1 1 1 0 0 0 0 0 0 0 1 1 1 0 0 0 1 0 1 1 0 0 1 1 0 1 1 1 
1 1 1 0 0 1 0 1 0 1 1 1 0 1 1 0 0 0 1 0 1 1 1 0 0 0 1 1 0 1 0 1 0 0 1 1 1 0 1 0 1 
1 0 1 1 1 1 0 1 0 0 1 1 0 1 0 0 0 0 0 1 1 1 0 1 0 0 1 0 0 0 1 0 0 0 0 0 1 0 1 0 1 
1 0 0 1 0 1 1 1 0 0 1 0 0 0 0 0 0 0 1 0 0 0 1 1 1 0 0 0 1 0 0 0 1 0 1 0 0 0 1 1 1 
1 0 1 0 1 1 0 0 1 0 1 0 1 1 0 1 0 1 1 0 0 1 0 1 1 1 1 0 0 1 0 0 0 0 1 1 0 1 0 1 0 
1 0 0 1 1 1 1 0 0 0 0 1 1 1 0 1 0 1 1 0 0 0 0 0 0 0 0 1 0 0 0 1 0 1 0 1 1 0 1 1 0 
0 1 0 1 1 1 0 1 1 1 1 1 1 1 0 1 1 1 1 1 0 1 0 0 1 1 1 0 0 0 1 0 0 0 1 1 0 0 0 0 1 
0 0 0 1 0 0 0 0 0 1 1 0 0 1 1 1 0 1 1 0 1 1 1 1 1 1 0 0 1 0 0 0 1 1 1 1 1 0 1 1 0 
0 1 1 1 1 1 0 1 0 1 1 1 0 0 0 0 1 1 0 1 1 1 0 0 0 0 0 0 0 0 1 0 1 1 0 0 1 1 1 0 1 
1 1 1 1 0 1 1 1 0 0 1 1 0 1 1 1 1 1 0 1 1 0 1 0 0 0 1 0 1 1 0 1 1 0 0 0 0 1 0 1 1 
1 0 1 1 1 0 0 0 0 0 0 1 1 0 1 1 0 0 1 0 1 1 0 1 1 1 1 0 0 1 1 1 1 0 0 1 1 0 1 0 1 
1 1 0 1 0 0 1 0 1 0 0 0 0 0 0 1 0 1 1 0 1 0 1 1 1 1 1 1 0 0 1 0 1 1 0 1 1 0 1 0 0 
0 1 0 0 0 1 0 0 0 0 0 1 1 0 1 0 1 1 0 1 0 1 0 0 0 0 0 0 0 1 0 0 0 1 1 0 0 1 0 1 0 
0 0 0 0 1 0 1 1 0 1 1 0 0 0 0 0 1 0 0 0 1 0 1 1 1 1 1 1 1 0 1 0 1 1 0 1 1 0 0 1 1 
1 0 1 1 1 1 0 0 0 1 1 0 0 1 0 1 1 0 1 1 1 0 1 0 1 1 0 0 1 1 1 0 1 0 1 0 0 1 1 1 1 
0 1 1 1 1 0 0 1 1 0 0 1 1 0 1 1 0 0 0 0 1 0 0 1 0 1 1 1 1 0 0 1 0 1 1 1 0 0 1 1 0 
Caught signal 2
Printing current graph with size: 41 and count: 0
41
0 1 0 1 0 1 0 1 1 1 1 0 0 1 0 0 0 0 1 1 1 0 0 0 0 1 1 1 1 1 1 0 0 0 1 1 1 0 0 1 0 
0 1 1 1 0 1 0 1 1 1 0 1 1 0 1 0 0 1 0 1 0 1 0 0 1 1 0 0 0 0 0 1 0 1 1 0 1 1 0 0 1 
0 1 0 1 0 1 0 1 1 0 0 0 0 0 0 0 1 0 1 1 1 1 0 0 1 0 1 1 0 1 0 0 0 1 1 1 0 0 0 1 1 
0 1 0 1 0 1 0 1 1 0 0 0 0 1 0 0 0 0 0 1 0 0 0 1 1 1 0 1 1 0 1 1 1 1 1 1 1 0 0 1 1 
0 1 0 1 0 1 0 1 1 0 0 1 1 0 0 1 1 0 0 1 1 0 1 0 1 1 0 1 0 1 1 1 0 1 0 1 0 0 1 1 1 
0 1 0 1 0 1 0 1 1 0 0 0 1 0 0 1 1 1 1 1 1 0 1 0 1 0 1 1 1 1 1 1 0 1 1 0 0 1 0 1 0 
0 1 0 1 0 1 0 1 1 1 1 1 0 0 0 1 1 0 0 1 1 1 1 1 1 0 0 0 1 0 1 0 0 0 1 0 1 0 1 0 0 
0 1 0 1 0 1 0 1 1 0 0 1 1 1 0 1 0 0 0 0 1 1 1 1 0 1 1 1 1 0 0 1 0 1 1 0 0 0 1 0 1 
1 1 1 1 1 1 1 1 0 1 0 0 0 0 0 0 0 1 0 1 0 1 1 1 0 0 0 0 0 1 0 1 0 0 0 0 1 0 0 0 1 
1 1 0 0 0 0 1 0 1 1 1 0 1 1 1 1 0 1 0 0 0 0 1 1 1 1 1 0 0 0 0 1 1 1 0 0 0 0 1 1 0 
1 0 0 0 0 0 1 0 0 1 0 0 0 0 1 1 1 1 0 0 0 0 1 0 0 1 1 1 1 1 0 1 1 1 1 0 0 0 1 1 0 
0 1 0 0 1 1 1 1 0 0 0 1 1 1 1 1 0 1 1 1 0 1 0 1 0 0 1 1 0 0 1 1 0 1 1 1 0 1 0 0 1 
0 1 0 0 1 1 0 1 0 1 0 1 0 1 1 0 1 1 0 1 1 0 0 0 1 1 0 0 0 1 1 1 0 0 0 1 0 1 0 0 1 
1 0 0 1 0 0 0 1 0 1 1 1 1 0 0 1 0 0 1 0 0 0 1 0 0 1 1 1 0 1 1 1 1 0 1 0 0 0 0 1 0 
0 1 0 0 0 0 0 0 0 1 1 1 1 0 0 1 1 0 1 1 0 0 0 0 1 1 1 0 0 0 0 0 1 0 1 1 0 1 0 0 1 
0 0 1 0 1 1 1 1 0 1 1 1 0 1 1 0 0 1 1 1 0 1 1 0 1 1 0 0 0 1 1 1 1 0 1 1 1 0 0 1 1 
0 0 1 0 1 1 1 0 0 0 1 0 1 0 1 0 0 0 1 0 0 1 0 1 1 0 0 0 0 0 0 1 0 1 1 0 0 1 1 1 0 
0 1 0 0 0 1 0 0 1 1 1 1 1 0 0 1 0 0 1 0 1 1 1 1 1 0 0 0 0 1 1 1 1 1 1 0 1 1 0 0 0 
1 0 1 0 0 1 0 0 0 0 0 1 0 1 1 1 1 1 1 1 0 1 1 1 1 0 1 0 1 1 1 1 1 0 0 1 1 0 0 1 0 
1 1 1 1 1 1 1 0 1 0 0 1 1 0 1 1 0 0 1 0 1 0 1 0 0 0 0 1 0 0 0 1 0 1 1 0 0 1 0 1 0 
1 0 1 0 1 1 1 1 0 0 0 0 1 0 0 0 0 1 0 1 0 0 1 0 1 0 1 1 0 0 0 0 1 1 1 1 1 0 1 1 1 
0 1 1 0 0 0 1 1 1 0 0 1 0 0 0 1 1 1 1 0 0 1 1 0 1 0 1 1 0 1 0 1 1 1 0 1 0 1 0 0 0 
0 0 0 0 1 1 1 1 1 1 1 0 0 1 0 1 0 1 1 1 1 1 0 0 0 0 1 0 1 0 0 0 1 0 1 0 1 0 1 1 0 
0 0 0 1 0 0 1 1 1 1 0 1 0 0 0 0 1 1 1 0 0 0 0 0 0 1 0 1 1 1 0 0 1 0 0 1 1 0 1 0 1 
0 1 1 1 1 1 1 0 0 1 0 0 1 0 1 1 1 1 1 0 1 1 0 0 1 1 0 0 1 1 0 1 1 0 0 1 1 0 1 1 0 
1 0 0 1 1 0 0 1 0 1 1 0 1 1 1 1 0 0 0 0 0 0 0 1 1 1 0 0 0 1 0 1 1 0 0 1 1 0 1 1 1 
1 1 1 0 0 1 0 1 0 1 1 1 0 1 1 0 0 0 1 0 1 1 1 0 0 0 1 1 0 1 0 1 0 0 1 1 1 0 1 0 1 
1 0 1 1 1 1 0 1 0 0 1 1 0 1 0 0 0 0 0 1 1 1 0 1 0 0 1 0 0 0 1 0 0 0 0 0 1 0 1 0 1 
1 0 0 1 0 1 1 1 0 0 1 0 0 0 0 0 0 0 1 0 0 0 1 1 1 0 0 0 1 0 0 0 1 0 1 0 0 0 1 1 1 
1 0 1 0 1 1 0 0 1 0 1 0 1 1 0 1 0 1 1 0 0 1 0 1 1 1 1 0 0 1 0 0 0 0 1 1 0 1 0 1 0 
1 0 0 1 1 1 1 0 0 0 0 1 1 1 0 1 0 1 1 0 0 0 0 0 0 0 0 1 0 0 0 1 0 1 0 1 1 0 1 1 0 
0 1 0 1 1 1 0 1 1 1 1 1 1 1 0 1 1 1 1 1 0 1 0 0 1 1 1 0 0 0 1 0 0 0 1 1 0 0 0 0 1 
0 0 0 1 0 0 0 0 0 1 1 0 0 1 1 1 0 1 1 0 1 1 1 1 1 1 0 0 1 0 0 0 1 1 1 1 1 0 1 1 0 
0 1 1 1 1 1 0 1 0 1 1 1 0 0 0 0 1 1 0 1 1 1 0 0 0 0 0 0 0 0 1 0 1 1 0 0 1 1 1 0 1 
1 1 1 1 0 1 1 1 0 0 1 1 0 1 1 1 1 1 0 1 1 0 1 0 0 0 1 0 1 1 0 1 1 0 0 0 0 1 0 1 1 
1 0 1 1 1 0 0 0 0 0 0 1 1 0 1 1 0 0 1 0 1 1 0 1 1 1 1 0 0 1 1 1 1 0 0 1 1 0 1 0 1 
1 1 0 1 0 0 1 0 1 0 0 0 0 0 0 1 0 1 1 0 1 0 1 1 1 1 1 1 0 0 1 0 1 1 0 1 1 0 1 0 0 
0 1 0 0 0 1 0 0 0 0 0 1 1 0 1 0 1 1 0 1 0 1 0 0 0 0 0 0 0 1 0 0 0 1 1 0 0 1 0 1 0 
0 0 0 0 1 0 1 1 0 1 1 0 0 0 0 0 1 0 0 0 1 0 1 1 1 1 1 1 1 0 1 0 1 1 0 1 1 0 0 1 1 
1 0 1 1 1 1 0 0 0 1 1 0 0 1 0 1 1 0 1 1 1 0 1 0 1 1 0 0 1 1 1 0 1 0 1 0 0 1 1 1 1 
0 1 1 1 1 0 0 1 1 0 0 1 1 0 1 1 0 0 0 0 1 0 0 1 0 1 1 1 1 0 0 1 0 1 1 1 0 0 1 1 0 
